<?xml version="1.0" encoding="UTF-8"?>
<robot generator="Robot 5.0.1 (Python 3.9.13 on darwin)" generated="20230208 13:03:26.025" rpa="false" schemaversion="3">
<suite id="s1" name="Tasks" source="/Users/nikitav/my-rsb-robot/order-proccessing-robot/tasks.robot">
<test id="s1-t1" name="Order robots from RobotSpareBin Industries Inc" line="33">
<kw name="Directory Cleanup">
<kw name="Log To Console" library="BuiltIn">
<arg>Cleaning up content from previous test runs</arg>
<doc>Logs the given message to the console.</doc>
<status status="PASS" starttime="20230208 13:03:27.697" endtime="20230208 13:03:27.699"/>
</kw>
<kw name="Create Directory" library="OperatingSystem">
<arg>${output_folder}</arg>
<doc>Creates the specified directory.</doc>
<msg timestamp="20230208 13:03:27.701" level="INFO" html="true">Directory '&lt;a href="file:///Users/nikitav/my-rsb-robot/order-proccessing-robot/output"&gt;/Users/nikitav/my-rsb-robot/order-proccessing-robot/output&lt;/a&gt;' already exists.</msg>
<status status="PASS" starttime="20230208 13:03:27.700" endtime="20230208 13:03:27.703"/>
</kw>
<kw name="Create Directory" library="OperatingSystem">
<arg>${img_folder}</arg>
<doc>Creates the specified directory.</doc>
<msg timestamp="20230208 13:03:27.705" level="INFO" html="true">Directory '&lt;a href="file:///Users/nikitav/my-rsb-robot/order-proccessing-robot/image_files"&gt;/Users/nikitav/my-rsb-robot/order-proccessing-robot/image_files&lt;/a&gt;' already exists.</msg>
<status status="PASS" starttime="20230208 13:03:27.704" endtime="20230208 13:03:27.705"/>
</kw>
<kw name="Create Directory" library="OperatingSystem">
<arg>${pdf_folder}</arg>
<doc>Creates the specified directory.</doc>
<msg timestamp="20230208 13:03:27.707" level="INFO" html="true">Directory '&lt;a href="file:///Users/nikitav/my-rsb-robot/order-proccessing-robot/pdf_files"&gt;/Users/nikitav/my-rsb-robot/order-proccessing-robot/pdf_files&lt;/a&gt;' already exists.</msg>
<status status="PASS" starttime="20230208 13:03:27.706" endtime="20230208 13:03:27.708"/>
</kw>
<kw name="Empty Directory" library="OperatingSystem">
<arg>${img_folder}</arg>
<doc>Deletes all the content from the given directory.</doc>
<msg timestamp="20230208 13:03:27.709" level="INFO" html="true">Listing contents of directory '&lt;a href="file:///Users/nikitav/my-rsb-robot/order-proccessing-robot/image_files"&gt;/Users/nikitav/my-rsb-robot/order-proccessing-robot/image_files&lt;/a&gt;'.</msg>
<msg timestamp="20230208 13:03:27.710" level="INFO" html="true">Emptied directory '&lt;a href="file:///Users/nikitav/my-rsb-robot/order-proccessing-robot/image_files"&gt;/Users/nikitav/my-rsb-robot/order-proccessing-robot/image_files&lt;/a&gt;'.</msg>
<status status="PASS" starttime="20230208 13:03:27.708" endtime="20230208 13:03:27.711"/>
</kw>
<kw name="Empty Directory" library="OperatingSystem">
<arg>${pdf_folder}</arg>
<doc>Deletes all the content from the given directory.</doc>
<msg timestamp="20230208 13:03:27.713" level="INFO" html="true">Listing contents of directory '&lt;a href="file:///Users/nikitav/my-rsb-robot/order-proccessing-robot/pdf_files"&gt;/Users/nikitav/my-rsb-robot/order-proccessing-robot/pdf_files&lt;/a&gt;'.</msg>
<msg timestamp="20230208 13:03:27.713" level="INFO" html="true">Emptied directory '&lt;a href="file:///Users/nikitav/my-rsb-robot/order-proccessing-robot/pdf_files"&gt;/Users/nikitav/my-rsb-robot/order-proccessing-robot/pdf_files&lt;/a&gt;'.</msg>
<status status="PASS" starttime="20230208 13:03:27.712" endtime="20230208 13:03:27.714"/>
</kw>
<kw name="Empty Directory" library="OperatingSystem">
<arg>${output_folder}</arg>
<doc>Deletes all the content from the given directory.</doc>
<msg timestamp="20230208 13:03:27.715" level="INFO" html="true">Listing contents of directory '&lt;a href="file:///Users/nikitav/my-rsb-robot/order-proccessing-robot/output"&gt;/Users/nikitav/my-rsb-robot/order-proccessing-robot/output&lt;/a&gt;'.</msg>
<msg timestamp="20230208 13:03:27.716" level="INFO" html="true">Emptied directory '&lt;a href="file:///Users/nikitav/my-rsb-robot/order-proccessing-robot/output"&gt;/Users/nikitav/my-rsb-robot/order-proccessing-robot/output&lt;/a&gt;'.</msg>
<status status="PASS" starttime="20230208 13:03:27.714" endtime="20230208 13:03:27.717"/>
</kw>
<status status="PASS" starttime="20230208 13:03:27.695" endtime="20230208 13:03:27.717"/>
</kw>
<kw name=" Get Author Name">
<kw name="Log To Console" library="BuiltIn">
<arg>Getting Secret from our Vault</arg>
<doc>Logs the given message to the console.</doc>
<status status="PASS" starttime="20230208 13:03:27.719" endtime="20230208 13:03:27.720"/>
</kw>
<kw name="Get Secret" library="RPA.Robocloud.Secrets">
<var>${secret}</var>
<arg>mysecrets</arg>
<doc>Read a secret from the configured source, e.g. Robocorp Vault,
and return it as a ``Secret`` object.</doc>
<msg timestamp="20230208 13:03:27.722" level="INFO">Protecting keyword: RPA.Robocloud.Secrets.Get Secret</msg>
<msg timestamp="20230208 13:03:27.725" level="INFO">Log level changed from NONE to INFO.</msg>
<status status="PASS" starttime="20230208 13:03:27.721" endtime="20230208 13:03:27.724"/>
</kw>
<kw name="Log" library="BuiltIn">
<arg>${secret}[wrotethis] wrote this program for you</arg>
<arg>console=yes</arg>
<doc>Logs the given message with the given level.</doc>
<msg timestamp="20230208 13:03:27.727" level="INFO">NoNameHere wrote this program for you</msg>
<status status="PASS" starttime="20230208 13:03:27.726" endtime="20230208 13:03:27.728"/>
</kw>
<status status="PASS" starttime="20230208 13:03:27.718" endtime="20230208 13:03:27.729"/>
</kw>
<kw name="Get The User Name">
<var>${username}</var>
<kw name="Add heading" library="RPA.Dialogs">
<arg>RoboCorp Order Genie</arg>
<doc>Add a centered heading text element</doc>
<status status="PASS" starttime="20230208 13:03:27.731" endtime="20230208 13:03:27.732"/>
</kw>
<kw name="Add text input" library="RPA.Dialogs">
<arg>myname</arg>
<arg>label=Hi! What is your name?</arg>
<arg>placeholder=Inpur name here</arg>
<tag>input</tag>
<doc>Add a text input element</doc>
<status status="PASS" starttime="20230208 13:03:27.733" endtime="20230208 13:03:27.734"/>
</kw>
<kw name="Run dialog" library="RPA.Dialogs">
<var>${result}</var>
<tag>dialog</tag>
<doc>Create a dialog from all the defined elements and block
until the user has handled it.</doc>
<msg timestamp="20230208 13:03:27.736" level="INFO">Protecting keyword: RPA.Dialogs.Run dialog</msg>
<msg timestamp="20230208 13:04:01.924" level="INFO">Log level changed from NONE to INFO.</msg>
<status status="PASS" starttime="20230208 13:03:27.735" endtime="20230208 13:04:01.922"/>
</kw>
<msg timestamp="20230208 13:04:01.927" level="INFO">${username} = Nik</msg>
<status status="PASS" starttime="20230208 13:03:27.729" endtime="20230208 13:04:01.927"/>
</kw>
<kw name="Open the robot order website">
<kw name="Open Available Browser" library="RPA.Browser.Selenium">
<arg>${url}</arg>
<doc>Attempts to open a browser on the user's device from a set of
supported browsers. Automatically downloads a corresponding webdriver
if none is already installed.</doc>
<msg timestamp="20230208 13:04:01.934" level="INFO">Creating an instance of the Chrome WebDriver.</msg>
<msg timestamp="20230208 13:04:01.952" level="INFO">====== WebDriver manager ======</msg>
<msg timestamp="20230208 13:04:02.414" level="INFO">Creating an instance of the Chrome WebDriver.</msg>
<msg timestamp="20230208 13:04:08.355" level="INFO">Created Chrome browser with arguments: --disable-dev-shm-usage --disable-web-security --allow-running-insecure-content --no-sandbox</msg>
<msg timestamp="20230208 13:04:08.356" level="INFO" html="true">&lt;p&gt;Attempted combinations:&lt;/p&gt;&lt;div class="doc"&gt;&lt;table&gt;&lt;tr&gt;&lt;th&gt;Browser&lt;/th&gt;&lt;th&gt;Download&lt;/th&gt;&lt;th&gt;Error&lt;/th&gt;&lt;/tr&gt;&lt;tr&gt;&lt;td&gt;Chrome&lt;/td&gt;&lt;td&gt;False&lt;/td&gt;&lt;td&gt;Message: 'chromedriver' executable needs to be in PATH. Please see https://chromedriver.chromium.org/home
&lt;/td&gt;&lt;/tr&gt;&lt;tr&gt;&lt;td&gt;Chrome&lt;/td&gt;&lt;td&gt;True&lt;/td&gt;&lt;td&gt;&lt;/td&gt;&lt;/tr&gt;&lt;/table&gt;&lt;/div&gt;</msg>
<msg timestamp="20230208 13:04:08.356" level="INFO">Opening url 'https://robotsparebinindustries.com/#/robot-order'</msg>
<status status="PASS" starttime="20230208 13:04:01.930" endtime="20230208 13:04:09.543"/>
</kw>
<status status="PASS" starttime="20230208 13:04:01.928" endtime="20230208 13:04:09.544"/>
</kw>
<kw name="Get orders">
<var>${orders}</var>
<kw name="Download" library="RPA.HTTP">
<arg>url=${csv_url}</arg>
<arg>target_file=${orders_file}</arg>
<arg>overwrite=True</arg>
<doc>An alias for the ``HTTP Get`` keyword.</doc>
<msg timestamp="20230208 13:04:09.550" level="INFO">Creating a new HTTP session</msg>
<msg timestamp="20230208 13:04:09.551" level="INFO">Creating Session using : alias=rpasession_alias.httpsrobotsparebinindustries.com, url=https://robotsparebinindustries.com, headers={},                     cookies={}, auth=None, timeout=None, proxies=None, verify=True,                     debug=0 </msg>
<status status="PASS" starttime="20230208 13:04:09.547" endtime="20230208 13:04:09.817"/>
</kw>
<kw name="Read table from CSV" library="RPA.Tables">
<var>${table}</var>
<arg>path=${orders_file}</arg>
<doc>Read a CSV file as a table.</doc>
<msg timestamp="20230208 13:04:09.827" level="INFO">${table} = Table(columns=['Order number', 'Head', 'Body', 'Legs', 'Address'], rows=20)</msg>
<status status="PASS" starttime="20230208 13:04:09.818" endtime="20230208 13:04:09.827"/>
</kw>
<msg timestamp="20230208 13:04:09.829" level="INFO">${orders} = Table(columns=['Order number', 'Head', 'Body', 'Legs', 'Address'], rows=20)</msg>
<status status="PASS" starttime="20230208 13:04:09.546" endtime="20230208 13:04:09.829"/>
</kw>
<for flavor="IN">
<var>${row}</var>
<value>@{orders}</value>
<iter>
<var name="${row}">{'Order number': '1', 'Head': '1', 'Body': '2', 'Legs': '3', 'Address': 'Address 123'}</var>
<kw name="Close the annoying modal">
<kw name="Set Local Variable" library="BuiltIn">
<arg>${btn_yep}</arg>
<arg>//*[@id="root"]/div/div[2]/div/div/div/div/div/button[2]</arg>
<doc>Makes a variable available everywhere within the local scope.</doc>
<msg timestamp="20230208 13:04:09.840" level="INFO">${btn_yep} = //*[@id="root"]/div/div[2]/div/div/div/div/div/button[2]</msg>
<status status="PASS" starttime="20230208 13:04:09.836" endtime="20230208 13:04:09.840"/>
</kw>
<kw name="Wait And Click Button" library="RPA.Browser.Selenium">
<arg>${btn_yep}</arg>
<doc>Click button identified by ``locator``, once it becomes visible.</doc>
<msg timestamp="20230208 13:04:09.927" level="INFO">Clicking button '//*[@id="root"]/div/div[2]/div/div/div/div/div/button[2]'.</msg>
<status status="PASS" starttime="20230208 13:04:09.841" endtime="20230208 13:04:10.138"/>
</kw>
<status status="PASS" starttime="20230208 13:04:09.834" endtime="20230208 13:04:10.139"/>
</kw>
<kw name="Fill the form">
<arg>${row}</arg>
<kw name="Set Local Variable" library="BuiltIn">
<arg>${order_no}</arg>
<arg>${myrow}[Order number]</arg>
<doc>Makes a variable available everywhere within the local scope.</doc>
<msg timestamp="20230208 13:04:10.145" level="INFO">${order_no} = 1</msg>
<status status="PASS" starttime="20230208 13:04:10.142" endtime="20230208 13:04:10.146"/>
</kw>
<kw name="Set Local Variable" library="BuiltIn">
<arg>${head}</arg>
<arg>${myrow}[Head]</arg>
<doc>Makes a variable available everywhere within the local scope.</doc>
<msg timestamp="20230208 13:04:10.150" level="INFO">${head} = 1</msg>
<status status="PASS" starttime="20230208 13:04:10.147" endtime="20230208 13:04:10.150"/>
</kw>
<kw name="Set Local Variable" library="BuiltIn">
<arg>${body}</arg>
<arg>${myrow}[Body]</arg>
<doc>Makes a variable available everywhere within the local scope.</doc>
<msg timestamp="20230208 13:04:10.155" level="INFO">${body} = 2</msg>
<status status="PASS" starttime="20230208 13:04:10.151" endtime="20230208 13:04:10.155"/>
</kw>
<kw name="Set Local Variable" library="BuiltIn">
<arg>${legs}</arg>
<arg>${myrow}[Legs]</arg>
<doc>Makes a variable available everywhere within the local scope.</doc>
<msg timestamp="20230208 13:04:10.160" level="INFO">${legs} = 3</msg>
<status status="PASS" starttime="20230208 13:04:10.156" endtime="20230208 13:04:10.160"/>
</kw>
<kw name="Set Local Variable" library="BuiltIn">
<arg>${address}</arg>
<arg>${myrow}[Address]</arg>
<doc>Makes a variable available everywhere within the local scope.</doc>
<msg timestamp="20230208 13:04:10.165" level="INFO">${address} = Address 123</msg>
<status status="PASS" starttime="20230208 13:04:10.161" endtime="20230208 13:04:10.165"/>
</kw>
<kw name="Set Local Variable" library="BuiltIn">
<arg>${input_head}</arg>
<arg>//*[@id="head"]</arg>
<doc>Makes a variable available everywhere within the local scope.</doc>
<msg timestamp="20230208 13:04:10.169" level="INFO">${input_head} = //*[@id="head"]</msg>
<status status="PASS" starttime="20230208 13:04:10.166" endtime="20230208 13:04:10.170"/>
</kw>
<kw name="Set Local Variable" library="BuiltIn">
<arg>${input_body}</arg>
<arg>body</arg>
<doc>Makes a variable available everywhere within the local scope.</doc>
<msg timestamp="20230208 13:04:10.174" level="INFO">${input_body} = body</msg>
<status status="PASS" starttime="20230208 13:04:10.170" endtime="20230208 13:04:10.174"/>
</kw>
<kw name="Set Local Variable" library="BuiltIn">
<arg>${input_legs}</arg>
<arg>xpath://html/body/div/div/div[1]/div/div[1]/form/div[3]/input</arg>
<doc>Makes a variable available everywhere within the local scope.</doc>
<msg timestamp="20230208 13:04:10.179" level="INFO">${input_legs} = xpath://html/body/div/div/div[1]/div/div[1]/form/div[3]/input</msg>
<status status="PASS" starttime="20230208 13:04:10.175" endtime="20230208 13:04:10.179"/>
</kw>
<kw name="Set Local Variable" library="BuiltIn">
<arg>${input_address}</arg>
<arg>//*[@id="address"]</arg>
<doc>Makes a variable available everywhere within the local scope.</doc>
<msg timestamp="20230208 13:04:10.183" level="INFO">${input_address} = //*[@id="address"]</msg>
<status status="PASS" starttime="20230208 13:04:10.180" endtime="20230208 13:04:10.184"/>
</kw>
<kw name="Set Local Variable" library="BuiltIn">
<arg>${btn_preview}</arg>
<arg>//*[@id="preview"]</arg>
<doc>Makes a variable available everywhere within the local scope.</doc>
<msg timestamp="20230208 13:04:10.188" level="INFO">${btn_preview} = //*[@id="preview"]</msg>
<status status="PASS" starttime="20230208 13:04:10.184" endtime="20230208 13:04:10.189"/>
</kw>
<kw name="Set Local Variable" library="BuiltIn">
<arg>${btn_order}</arg>
<arg>//*[@id="order"]</arg>
<doc>Makes a variable available everywhere within the local scope.</doc>
<msg timestamp="20230208 13:04:10.193" level="INFO">${btn_order} = //*[@id="order"]</msg>
<status status="PASS" starttime="20230208 13:04:10.189" endtime="20230208 13:04:10.193"/>
</kw>
<kw name="Set Local Variable" library="BuiltIn">
<arg>${img_preview}</arg>
<arg>//*[@id="robot-preview-image"]</arg>
<doc>Makes a variable available everywhere within the local scope.</doc>
<msg timestamp="20230208 13:04:10.198" level="INFO">${img_preview} = //*[@id="robot-preview-image"]</msg>
<status status="PASS" starttime="20230208 13:04:10.194" endtime="20230208 13:04:10.198"/>
</kw>
<kw name="Wait Until Element Is Visible" library="RPA.Browser.Selenium">
<arg>${input_head}</arg>
<doc>Waits until the element ``locator`` is visible.</doc>
<status status="PASS" starttime="20230208 13:04:10.199" endtime="20230208 13:04:10.218"/>
</kw>
<kw name="Wait Until Element Is Enabled" library="RPA.Browser.Selenium">
<arg>${input_head}</arg>
<doc>Waits until the element ``locator`` is enabled.</doc>
<status status="PASS" starttime="20230208 13:04:10.219" endtime="20230208 13:04:10.245"/>
</kw>
<kw name="Select From List By Value" library="RPA.Browser.Selenium">
<arg>${input_head}</arg>
<arg>${head}</arg>
<doc>Selects options from selection list ``locator`` by ``values``.</doc>
<msg timestamp="20230208 13:04:10.248" level="INFO">Selecting options from selection list '//*[@id="head"]' by value 1.</msg>
<status status="PASS" starttime="20230208 13:04:10.246" endtime="20230208 13:04:10.315"/>
</kw>
<kw name="Wait Until Element Is Enabled" library="RPA.Browser.Selenium">
<arg>${input_body}</arg>
<doc>Waits until the element ``locator`` is enabled.</doc>
<status status="PASS" starttime="20230208 13:04:10.316" endtime="20230208 13:04:10.342"/>
</kw>
<kw name="Select Radio Button" library="RPA.Browser.Selenium">
<arg>${input_body}</arg>
<arg>${body}</arg>
<doc>Sets the radio button group ``group_name`` to ``value``.</doc>
<msg timestamp="20230208 13:04:10.344" level="INFO">Selecting '2' from radio button 'body'.</msg>
<status status="PASS" starttime="20230208 13:04:10.343" endtime="20230208 13:04:10.416"/>
</kw>
<kw name="Wait Until Element Is Enabled" library="RPA.Browser.Selenium">
<arg>${input_legs}</arg>
<doc>Waits until the element ``locator`` is enabled.</doc>
<status status="PASS" starttime="20230208 13:04:10.417" endtime="20230208 13:04:10.436"/>
</kw>
<kw name="Input Text" library="RPA.Browser.Selenium">
<arg>${input_legs}</arg>
<arg>${legs}</arg>
<doc>Types the given ``text`` into the text field identified by ``locator``.</doc>
<msg timestamp="20230208 13:04:10.438" level="INFO">Typing text '3' into text field 'xpath://html/body/div/div/div[1]/div/div[1]/form/div[3]/input'.</msg>
<status status="PASS" starttime="20230208 13:04:10.437" endtime="20230208 13:04:10.582"/>
</kw>
<kw name="Wait Until Element Is Enabled" library="RPA.Browser.Selenium">
<arg>${input_address}</arg>
<doc>Waits until the element ``locator`` is enabled.</doc>
<status status="PASS" starttime="20230208 13:04:10.583" endtime="20230208 13:04:10.602"/>
</kw>
<kw name="Input Text" library="RPA.Browser.Selenium">
<arg>${input_address}</arg>
<arg>${address}</arg>
<doc>Types the given ``text`` into the text field identified by ``locator``.</doc>
<msg timestamp="20230208 13:04:10.605" level="INFO">Typing text 'Address 123' into text field '//*[@id="address"]'.</msg>
<status status="PASS" starttime="20230208 13:04:10.603" endtime="20230208 13:04:10.686"/>
</kw>
<status status="PASS" starttime="20230208 13:04:10.140" endtime="20230208 13:04:10.688"/>
</kw>
<kw name="Wait Until Keyword Succeeds" library="BuiltIn">
<arg>10x</arg>
<arg>2s</arg>
<arg>Preview the robot</arg>
<doc>Runs the specified keyword and retries if it fails.</doc>
<kw name="Preview the robot">
<kw name="Set Local Variable" library="BuiltIn">
<arg>${btn_preview}</arg>
<arg>//*[@id="preview"]</arg>
<doc>Makes a variable available everywhere within the local scope.</doc>
<msg timestamp="20230208 13:04:10.695" level="INFO">${btn_preview} = //*[@id="preview"]</msg>
<status status="PASS" starttime="20230208 13:04:10.692" endtime="20230208 13:04:10.695"/>
</kw>
<kw name="Set Local Variable" library="BuiltIn">
<arg>${img_preview}</arg>
<arg>//*[@id="robot-preview-image"]</arg>
<doc>Makes a variable available everywhere within the local scope.</doc>
<msg timestamp="20230208 13:04:10.699" level="INFO">${img_preview} = //*[@id="robot-preview-image"]</msg>
<status status="PASS" starttime="20230208 13:04:10.696" endtime="20230208 13:04:10.700"/>
</kw>
<kw name="Click Button" library="RPA.Browser.Selenium">
<arg>${btn_preview}</arg>
<doc>Clicks the button identified by ``locator``.</doc>
<msg timestamp="20230208 13:04:10.702" level="INFO">Clicking button '//*[@id="preview"]'.</msg>
<status status="PASS" starttime="20230208 13:04:10.700" endtime="20230208 13:04:10.906"/>
</kw>
<kw name="Wait Until Element Is Visible" library="RPA.Browser.Selenium">
<arg>${img_preview}</arg>
<doc>Waits until the element ``locator`` is visible.</doc>
<status status="PASS" starttime="20230208 13:04:10.907" endtime="20230208 13:04:10.930"/>
</kw>
<status status="PASS" starttime="20230208 13:04:10.690" endtime="20230208 13:04:10.931"/>
</kw>
<status status="PASS" starttime="20230208 13:04:10.688" endtime="20230208 13:04:10.932"/>
</kw>
<kw name="Wait Until Keyword Succeeds" library="BuiltIn">
<arg>10x</arg>
<arg>2s</arg>
<arg>Submit The Order</arg>
<doc>Runs the specified keyword and retries if it fails.</doc>
<kw name="Submit the order">
<kw name="Set Local Variable" library="BuiltIn">
<arg>${btn_order}</arg>
<arg>//*[@id="order"]</arg>
<doc>Makes a variable available everywhere within the local scope.</doc>
<msg timestamp="20230208 13:04:10.938" level="INFO">${btn_order} = //*[@id="order"]</msg>
<status status="PASS" starttime="20230208 13:04:10.935" endtime="20230208 13:04:10.939"/>
</kw>
<kw name="Set Local Variable" library="BuiltIn">
<arg>${lbl_receipt}</arg>
<arg>//*[@id="receipt"]</arg>
<doc>Makes a variable available everywhere within the local scope.</doc>
<msg timestamp="20230208 13:04:10.943" level="INFO">${lbl_receipt} = //*[@id="receipt"]</msg>
<status status="PASS" starttime="20230208 13:04:10.939" endtime="20230208 13:04:10.943"/>
</kw>
<kw name="Mute Run On Failure" library="RPA.RobotLogListener">
<arg>Page Should Contain Element</arg>
<doc>Set keywords which should not execute `SeleniumLibrary`
default behaviour of running keyword on failure.</doc>
<kw name="Get Library Instance" library="BuiltIn">
<arg>RPA.Browser</arg>
<doc>Returns the currently active instance of the specified library.</doc>
<msg timestamp="20230208 13:04:10.948" level="FAIL">No library 'RPA.Browser' found.</msg>
<status status="FAIL" starttime="20230208 13:04:10.945" endtime="20230208 13:04:10.951"/>
</kw>
<kw name="Get Library Instance" library="BuiltIn">
<arg>RPA.Browser.Selenium</arg>
<doc>Returns the currently active instance of the specified library.</doc>
<status status="PASS" starttime="20230208 13:04:10.952" endtime="20230208 13:04:10.953"/>
</kw>
<status status="PASS" starttime="20230208 13:04:10.944" endtime="20230208 13:04:10.954"/>
</kw>
<kw name="Click Button" library="RPA.Browser.Selenium">
<arg>${btn_order}</arg>
<doc>Clicks the button identified by ``locator``.</doc>
<msg timestamp="20230208 13:04:10.955" level="INFO">Clicking button '//*[@id="order"]'.</msg>
<status status="PASS" starttime="20230208 13:04:10.954" endtime="20230208 13:04:11.224"/>
</kw>
<kw name="Page Should Contain Element" library="RPA.Browser.Selenium">
<arg>${lbl_receipt}</arg>
<doc>Verifies that element ``locator`` is found on the current page.</doc>
<msg timestamp="20230208 13:04:11.225" level="INFO">No keyword will be run on failure.</msg>
<msg timestamp="20230208 13:04:11.234" level="INFO">Current page contains element '//*[@id="receipt"]'.</msg>
<msg timestamp="20230208 13:04:11.235" level="INFO">Capture Page Screenshot will be run on failure.</msg>
<status status="PASS" starttime="20230208 13:04:11.225" endtime="20230208 13:04:11.234"/>
</kw>
<status status="PASS" starttime="20230208 13:04:10.934" endtime="20230208 13:04:11.235"/>
</kw>
<status status="PASS" starttime="20230208 13:04:10.933" endtime="20230208 13:04:11.236"/>
</kw>
<kw name="Take a screenshot of the robot">
<var>${orderid}</var>
<var>${img_filename}</var>
<kw name="Set Local Variable" library="BuiltIn">
<arg>${lbl_orderid}</arg>
<arg>xpath://html/body/div/div/div[1]/div/div[1]/div/div/p[1]</arg>
<doc>Makes a variable available everywhere within the local scope.</doc>
<msg timestamp="20230208 13:04:11.242" level="INFO">${lbl_orderid} = xpath://html/body/div/div/div[1]/div/div[1]/div/div/p[1]</msg>
<status status="PASS" starttime="20230208 13:04:11.238" endtime="20230208 13:04:11.242"/>
</kw>
<kw name="Set Local Variable" library="BuiltIn">
<arg>${img_robot}</arg>
<arg>//*[@id="robot-preview-image"]</arg>
<doc>Makes a variable available everywhere within the local scope.</doc>
<msg timestamp="20230208 13:04:11.246" level="INFO">${img_robot} = //*[@id="robot-preview-image"]</msg>
<status status="PASS" starttime="20230208 13:04:11.243" endtime="20230208 13:04:11.246"/>
</kw>
<kw name="Wait Until Element Is Visible" library="RPA.Browser.Selenium">
<arg>${img_robot}</arg>
<doc>Waits until the element ``locator`` is visible.</doc>
<status status="PASS" starttime="20230208 13:04:11.247" endtime="20230208 13:04:11.269"/>
</kw>
<kw name="Wait Until Element Is Visible" library="RPA.Browser.Selenium">
<arg>${lbl_orderid}</arg>
<doc>Waits until the element ``locator`` is visible.</doc>
<status status="PASS" starttime="20230208 13:04:11.270" endtime="20230208 13:04:11.287"/>
</kw>
<kw name="Get Text" library="RPA.Browser.Selenium">
<var>${orderid}</var>
<arg>//*[@id="receipt"]/p[1]</arg>
<doc>Returns the text value of the element identified by ``locator``.</doc>
<msg timestamp="20230208 13:04:11.335" level="INFO">${orderid} = RSB-ROBO-ORDER-QV7SEVKPXS</msg>
<status status="PASS" starttime="20230208 13:04:11.288" endtime="20230208 13:04:11.335"/>
</kw>
<kw name="Set Local Variable" library="BuiltIn">
<arg>${fully_qualified_img_filename}</arg>
<arg>${img_folder}${/}${orderid}.png</arg>
<doc>Makes a variable available everywhere within the local scope.</doc>
<msg timestamp="20230208 13:04:11.340" level="INFO">${fully_qualified_img_filename} = /Users/nikitav/my-rsb-robot/order-proccessing-robot/image_files/RSB-ROBO-ORDER-QV7SEVKPXS.png</msg>
<status status="PASS" starttime="20230208 13:04:11.336" endtime="20230208 13:04:11.340"/>
</kw>
<kw name="Sleep" library="BuiltIn">
<arg>1sec</arg>
<doc>Pauses the test executed for the given time.</doc>
<msg timestamp="20230208 13:04:12.344" level="INFO">Slept 1 second</msg>
<status status="PASS" starttime="20230208 13:04:11.341" endtime="20230208 13:04:12.345"/>
</kw>
<kw name="Log To Console" library="BuiltIn">
<arg>Taking Screenshot to ${fully_qualified_img_filename}</arg>
<doc>Logs the given message to the console.</doc>
<status status="PASS" starttime="20230208 13:04:12.347" endtime="20230208 13:04:12.350"/>
</kw>
<kw name="Capture Element Screenshot" library="RPA.Browser.Selenium">
<arg>${img_robot}</arg>
<arg>${fully_qualified_img_filename}</arg>
<doc>Captures a screenshot from the element identified by ``locator`` and embeds it into log file.</doc>
<msg timestamp="20230208 13:04:12.463" level="INFO" html="true">&lt;/td&gt;&lt;/tr&gt;&lt;tr&gt;&lt;td colspan="3"&gt;&lt;a href="order-proccessing-robot/image_files/RSB-ROBO-ORDER-QV7SEVKPXS.png"&gt;&lt;img src="order-proccessing-robot/image_files/RSB-ROBO-ORDER-QV7SEVKPXS.png" width="400px"&gt;&lt;/a&gt;</msg>
<status status="PASS" starttime="20230208 13:04:12.351" endtime="20230208 13:04:12.464"/>
</kw>
<msg timestamp="20230208 13:04:12.465" level="INFO">${orderid} = RSB-ROBO-ORDER-QV7SEVKPXS</msg>
<msg timestamp="20230208 13:04:12.466" level="INFO">${img_filename} = /Users/nikitav/my-rsb-robot/order-proccessing-robot/image_files/RSB-ROBO-ORDER-QV7SEVKPXS.png</msg>
<status status="PASS" starttime="20230208 13:04:11.237" endtime="20230208 13:04:12.466"/>
</kw>
<kw name="Store the receipt as a PDF file">
<var>${pdf_filename}</var>
<arg>ORDER_NUMBER=${order_id}</arg>
<kw name="Wait Until Element Is Visible" library="RPA.Browser.Selenium">
<arg>//*[@id="receipt"]</arg>
<doc>Waits until the element ``locator`` is visible.</doc>
<status status="PASS" starttime="20230208 13:04:12.469" endtime="20230208 13:04:12.481"/>
</kw>
<kw name="Log To Console" library="BuiltIn">
<arg>Printing ${ORDER_NUMBER}</arg>
<doc>Logs the given message to the console.</doc>
<status status="PASS" starttime="20230208 13:04:12.481" endtime="20230208 13:04:12.483"/>
</kw>
<kw name="Get Element Attribute" library="RPA.Browser.Selenium">
<var>${order_receipt_html}</var>
<arg>//*[@id="receipt"]</arg>
<arg>outerHTML</arg>
<doc>Returns the value of ``attribute`` from the element ``locator``.</doc>
<msg timestamp="20230208 13:04:12.498" level="INFO">${order_receipt_html} = &lt;div id="receipt" class="alert alert-success" role="alert"&gt;&lt;h3&gt;Receipt&lt;/h3&gt;&lt;div&gt;2023-02-08T11:04:11.059Z&lt;/div&gt;&lt;p class="badge badge-success"&gt;RSB-ROBO-ORDER-QV7SEVKPXS&lt;/p&gt;&lt;p&gt;Address 123&lt;/p&gt;&lt;div id="par...</msg>
<status status="PASS" starttime="20230208 13:04:12.483" endtime="20230208 13:04:12.498"/>
</kw>
<kw name="Set Local Variable" library="BuiltIn">
<arg>${fully_qualified_pdf_filename}</arg>
<arg>${pdf_folder}${/}${ORDER_NUMBER}.pdf</arg>
<doc>Makes a variable available everywhere within the local scope.</doc>
<msg timestamp="20230208 13:04:12.502" level="INFO">${fully_qualified_pdf_filename} = /Users/nikitav/my-rsb-robot/order-proccessing-robot/pdf_files/RSB-ROBO-ORDER-QV7SEVKPXS.pdf</msg>
<status status="PASS" starttime="20230208 13:04:12.499" endtime="20230208 13:04:12.503"/>
</kw>
<kw name="Html To Pdf" library="RPA.PDF">
<arg>content=${order_receipt_html}</arg>
<arg>output_path=${fully_qualified_pdf_filename}</arg>
<doc>Generate a PDF file from HTML content.</doc>
<msg timestamp="20230208 13:04:12.507" level="INFO">Writing output to file /Users/nikitav/my-rsb-robot/order-proccessing-robot/pdf_files/RSB-ROBO-ORDER-QV7SEVKPXS.pdf</msg>
<msg timestamp="20230208 13:04:12.776" level="INFO">maxp pruned</msg>
<msg timestamp="20230208 13:04:12.777" level="INFO">cmap pruned</msg>
<msg timestamp="20230208 13:04:12.780" level="INFO">post pruned</msg>
<msg timestamp="20230208 13:04:12.782" level="INFO">GDEF dropped</msg>
<msg timestamp="20230208 13:04:12.782" level="INFO">GPOS dropped</msg>
<msg timestamp="20230208 13:04:12.782" level="INFO">GSUB dropped</msg>
<msg timestamp="20230208 13:04:12.786" level="INFO">name pruned</msg>
<msg timestamp="20230208 13:04:12.793" level="INFO">glyf pruned</msg>
<msg timestamp="20230208 13:04:12.794" level="INFO">Added gid0 to subset</msg>
<msg timestamp="20230208 13:04:12.795" level="INFO">Added first four glyphs to subset</msg>
<msg timestamp="20230208 13:04:12.795" level="INFO">Closing glyph list over 'glyf': 60 glyphs before</msg>
<msg timestamp="20230208 13:04:12.795" level="INFO">Glyph names: ['.notdef', '.null', 'uni0020', 'uni0021', 'uni002D', 'uni002E', 'uni0030', 'uni0031', 'uni0032', 'uni0033', 'uni0034', 'uni0035', 'uni0036', 'uni0037', 'uni0038', 'uni0039', 'uni003A', 'uni0041', 'uni0042', 'uni0044', 'uni0045', 'uni0048', 'uni004B', 'uni004C', 'uni004F', 'uni0050', 'uni0051', 'uni0052', 'uni0053', 'uni0054', 'uni0056', 'uni0057', 'uni0058', 'uni0059', 'uni005A', 'uni0061', 'uni0062', 'uni0063', 'uni0064', 'uni0065', 'uni0066', 'uni0067', 'uni0068', 'uni0069', 'uni006B', 'uni006C', 'uni006D', 'uni006E', 'uni006F', 'uni0070', 'uni0072', 'uni0073', 'uni0074', 'uni0075', 'uni0076', 'uni0077', 'uni0079', 'uni007B', 'uni007D', 'uni00C4']</msg>
<msg timestamp="20230208 13:04:12.797" level="INFO">Glyph IDs:   [0, 1, 2, 3, 65, 84, 95, 161, 270, 280, 320, 374, 381, 382, 395, 409, 453, 456, 463, 469, 493, 504, 575, 582, 594, 612, 645, 650, 660, 679, 715, 723, 752, 759, 775, 827, 837, 867, 884, 899, 932, 936, 950, 1294, 1295, 1296, 1298, 1299, 1300, 1302, 1303, 1304, 1305, 1329, 1345, 1346, 1361, 1404, 1407, 1681]</msg>
<msg timestamp="20230208 13:04:12.797" level="INFO">Closed glyph list over 'glyf': 60 glyphs after</msg>
<msg timestamp="20230208 13:04:12.798" level="INFO">Glyph names: ['.notdef', '.null', 'uni0020', 'uni0021', 'uni002D', 'uni002E', 'uni0030', 'uni0031', 'uni0032', 'uni0033', 'uni0034', 'uni0035', 'uni0036', 'uni0037', 'uni0038', 'uni0039', 'uni003A', 'uni0041', 'uni0042', 'uni0044', 'uni0045', 'uni0048', 'uni004B', 'uni004C', 'uni004F', 'uni0050', 'uni0051', 'uni0052', 'uni0053', 'uni0054', 'uni0056', 'uni0057', 'uni0058', 'uni0059', 'uni005A', 'uni0061', 'uni0062', 'uni0063', 'uni0064', 'uni0065', 'uni0066', 'uni0067', 'uni0068', 'uni0069', 'uni006B', 'uni006C', 'uni006D', 'uni006E', 'uni006F', 'uni0070', 'uni0072', 'uni0073', 'uni0074', 'uni0075', 'uni0076', 'uni0077', 'uni0079', 'uni007B', 'uni007D', 'uni00C4']</msg>
<msg timestamp="20230208 13:04:12.799" level="INFO">Glyph IDs:   [0, 1, 2, 3, 65, 84, 95, 161, 270, 280, 320, 374, 381, 382, 395, 409, 453, 456, 463, 469, 493, 504, 575, 582, 594, 612, 645, 650, 660, 679, 715, 723, 752, 759, 775, 827, 837, 867, 884, 899, 932, 936, 950, 1294, 1295, 1296, 1298, 1299, 1300, 1302, 1303, 1304, 1305, 1329, 1345, 1346, 1361, 1404, 1407, 1681]</msg>
<msg timestamp="20230208 13:04:12.799" level="INFO">Retaining 60 glyphs</msg>
<msg timestamp="20230208 13:04:12.800" level="INFO">head subsetting not needed</msg>
<msg timestamp="20230208 13:04:12.801" level="INFO">hhea subsetting not needed</msg>
<msg timestamp="20230208 13:04:12.801" level="INFO">maxp subsetting not needed</msg>
<msg timestamp="20230208 13:04:12.802" level="INFO">OS/2 subsetting not needed</msg>
<msg timestamp="20230208 13:04:12.804" level="INFO">hmtx subsetted</msg>
<msg timestamp="20230208 13:04:12.807" level="INFO">cmap subsetted</msg>
<msg timestamp="20230208 13:04:12.807" level="INFO">prep subsetting not needed</msg>
<msg timestamp="20230208 13:04:12.808" level="INFO">loca subsetting not needed</msg>
<msg timestamp="20230208 13:04:12.808" level="INFO">post subsetted</msg>
<msg timestamp="20230208 13:04:12.808" level="INFO">gasp subsetting not needed</msg>
<msg timestamp="20230208 13:04:12.809" level="INFO">STAT subsetting not needed</msg>
<msg timestamp="20230208 13:04:12.809" level="INFO">name subsetting not needed</msg>
<msg timestamp="20230208 13:04:12.811" level="INFO">glyf subsetted</msg>
<msg timestamp="20230208 13:04:12.812" level="INFO">head pruned</msg>
<msg timestamp="20230208 13:04:12.813" level="INFO">OS/2 Unicode ranges pruned: [0]</msg>
<msg timestamp="20230208 13:04:12.816" level="INFO">glyf pruned</msg>
<msg timestamp="20230208 13:04:12.874" level="INFO">maxp pruned</msg>
<msg timestamp="20230208 13:04:12.875" level="INFO">cmap pruned</msg>
<msg timestamp="20230208 13:04:12.875" level="INFO">post pruned</msg>
<msg timestamp="20230208 13:04:12.875" level="INFO">GDEF dropped</msg>
<msg timestamp="20230208 13:04:12.876" level="INFO">GPOS dropped</msg>
<msg timestamp="20230208 13:04:12.876" level="INFO">GSUB dropped</msg>
<msg timestamp="20230208 13:04:12.878" level="INFO">name pruned</msg>
<msg timestamp="20230208 13:04:12.885" level="INFO">glyf pruned</msg>
<msg timestamp="20230208 13:04:12.886" level="INFO">Added gid0 to subset</msg>
<msg timestamp="20230208 13:04:12.886" level="INFO">Added first four glyphs to subset</msg>
<msg timestamp="20230208 13:04:12.886" level="INFO">Closing glyph list over 'glyf': 19 glyphs before</msg>
<msg timestamp="20230208 13:04:12.887" level="INFO">Glyph names: ['.notdef', '.null', 'uni0020', 'uni0030', 'uni0031', 'uni0032', 'uni0033', 'uni0034', 'uni0035', 'uni0036', 'uni0037', 'uni0038', 'uni0039', 'uni0041', 'uni0062', 'uni006E', 'uni007B', 'uni007D', 'uni00C4']</msg>
<msg timestamp="20230208 13:04:12.888" level="INFO">Glyph IDs:   [0, 1, 2, 3, 575, 759, 1294, 1295, 1296, 1298, 1299, 1300, 1302, 1303, 1304, 1305, 1345, 1346, 1681]</msg>
<msg timestamp="20230208 13:04:12.889" level="INFO">Closed glyph list over 'glyf': 19 glyphs after</msg>
<msg timestamp="20230208 13:04:12.889" level="INFO">Glyph names: ['.notdef', '.null', 'uni0020', 'uni0030', 'uni0031', 'uni0032', 'uni0033', 'uni0034', 'uni0035', 'uni0036', 'uni0037', 'uni0038', 'uni0039', 'uni0041', 'uni0062', 'uni006E', 'uni007B', 'uni007D', 'uni00C4']</msg>
<msg timestamp="20230208 13:04:12.890" level="INFO">Glyph IDs:   [0, 1, 2, 3, 575, 759, 1294, 1295, 1296, 1298, 1299, 1300, 1302, 1303, 1304, 1305, 1345, 1346, 1681]</msg>
<msg timestamp="20230208 13:04:12.890" level="INFO">Retaining 19 glyphs</msg>
<msg timestamp="20230208 13:04:12.891" level="INFO">head subsetting not needed</msg>
<msg timestamp="20230208 13:04:12.892" level="INFO">hhea subsetting not needed</msg>
<msg timestamp="20230208 13:04:12.892" level="INFO">maxp subsetting not needed</msg>
<msg timestamp="20230208 13:04:12.892" level="INFO">OS/2 subsetting not needed</msg>
<msg timestamp="20230208 13:04:12.895" level="INFO">hmtx subsetted</msg>
<msg timestamp="20230208 13:04:12.897" level="INFO">cmap subsetted</msg>
<msg timestamp="20230208 13:04:12.898" level="INFO">prep subsetting not needed</msg>
<msg timestamp="20230208 13:04:12.898" level="INFO">loca subsetting not needed</msg>
<msg timestamp="20230208 13:04:12.899" level="INFO">post subsetted</msg>
<msg timestamp="20230208 13:04:12.899" level="INFO">gasp subsetting not needed</msg>
<msg timestamp="20230208 13:04:12.899" level="INFO">STAT subsetting not needed</msg>
<msg timestamp="20230208 13:04:12.900" level="INFO">name subsetting not needed</msg>
<msg timestamp="20230208 13:04:12.901" level="INFO">glyf subsetted</msg>
<msg timestamp="20230208 13:04:12.902" level="INFO">head pruned</msg>
<msg timestamp="20230208 13:04:12.903" level="INFO">OS/2 Unicode ranges pruned: [0]</msg>
<msg timestamp="20230208 13:04:12.904" level="INFO">glyf pruned</msg>
<msg timestamp="20230208 13:04:12.938" level="INFO">maxp pruned</msg>
<msg timestamp="20230208 13:04:12.939" level="INFO">cmap pruned</msg>
<msg timestamp="20230208 13:04:12.939" level="INFO">post pruned</msg>
<msg timestamp="20230208 13:04:12.940" level="INFO">GDEF dropped</msg>
<msg timestamp="20230208 13:04:12.940" level="INFO">GPOS dropped</msg>
<msg timestamp="20230208 13:04:12.940" level="INFO">GSUB dropped</msg>
<msg timestamp="20230208 13:04:12.941" level="INFO">name pruned</msg>
<msg timestamp="20230208 13:04:12.977" level="INFO">glyf pruned</msg>
<msg timestamp="20230208 13:04:12.982" level="INFO">Added gid0 to subset</msg>
<msg timestamp="20230208 13:04:12.983" level="INFO">Added first four glyphs to subset</msg>
<msg timestamp="20230208 13:04:12.983" level="INFO">Closing glyph list over 'glyf': 18 glyphs before</msg>
<msg timestamp="20230208 13:04:12.984" level="INFO">Glyph names: ['.notdef', '.null', 'uni0020', 'uni0030', 'uni0031', 'uni0032', 'uni0033', 'uni0034', 'uni0035', 'uni0036', 'uni0037', 'uni0038', 'uni0039', 'uni0062', 'uni006E', 'uni007B', 'uni007D', 'uni00A0']</msg>
<msg timestamp="20230208 13:04:12.985" level="INFO">Glyph IDs:   [0, 1, 2, 3, 544, 727, 1256, 1257, 1258, 1260, 1261, 1262, 1264, 1265, 1266, 1267, 1307, 1308]</msg>
<msg timestamp="20230208 13:04:12.985" level="INFO">Closed glyph list over 'glyf': 18 glyphs after</msg>
<msg timestamp="20230208 13:04:12.986" level="INFO">Glyph names: ['.notdef', '.null', 'uni0020', 'uni0030', 'uni0031', 'uni0032', 'uni0033', 'uni0034', 'uni0035', 'uni0036', 'uni0037', 'uni0038', 'uni0039', 'uni0062', 'uni006E', 'uni007B', 'uni007D', 'uni00A0']</msg>
<msg timestamp="20230208 13:04:12.986" level="INFO">Glyph IDs:   [0, 1, 2, 3, 544, 727, 1256, 1257, 1258, 1260, 1261, 1262, 1264, 1265, 1266, 1267, 1307, 1308]</msg>
<msg timestamp="20230208 13:04:12.987" level="INFO">Retaining 18 glyphs</msg>
<msg timestamp="20230208 13:04:12.988" level="INFO">head subsetting not needed</msg>
<msg timestamp="20230208 13:04:12.988" level="INFO">hhea subsetting not needed</msg>
<msg timestamp="20230208 13:04:12.989" level="INFO">maxp subsetting not needed</msg>
<msg timestamp="20230208 13:04:12.989" level="INFO">OS/2 subsetting not needed</msg>
<msg timestamp="20230208 13:04:12.992" level="INFO">hmtx subsetted</msg>
<msg timestamp="20230208 13:04:12.994" level="INFO">cmap subsetted</msg>
<msg timestamp="20230208 13:04:12.994" level="INFO">loca subsetting not needed</msg>
<msg timestamp="20230208 13:04:12.995" level="INFO">post subsetted</msg>
<msg timestamp="20230208 13:04:12.995" level="INFO">name subsetting not needed</msg>
<msg timestamp="20230208 13:04:12.996" level="INFO">glyf subsetted</msg>
<msg timestamp="20230208 13:04:12.997" level="INFO">head pruned</msg>
<msg timestamp="20230208 13:04:12.998" level="INFO">OS/2 Unicode ranges pruned: [0]</msg>
<msg timestamp="20230208 13:04:12.999" level="INFO">glyf pruned</msg>
<msg timestamp="20230208 13:04:13.030" level="INFO">maxp pruned</msg>
<msg timestamp="20230208 13:04:13.030" level="INFO">cmap pruned</msg>
<msg timestamp="20230208 13:04:13.031" level="INFO">post pruned</msg>
<msg timestamp="20230208 13:04:13.031" level="INFO">GDEF dropped</msg>
<msg timestamp="20230208 13:04:13.031" level="INFO">GPOS dropped</msg>
<msg timestamp="20230208 13:04:13.032" level="INFO">GSUB dropped</msg>
<msg timestamp="20230208 13:04:13.032" level="INFO">name pruned</msg>
<msg timestamp="20230208 13:04:13.040" level="INFO">glyf pruned</msg>
<msg timestamp="20230208 13:04:13.046" level="INFO">Added gid0 to subset</msg>
<msg timestamp="20230208 13:04:13.046" level="INFO">Added first four glyphs to subset</msg>
<msg timestamp="20230208 13:04:13.047" level="INFO">Closing glyph list over 'glyf': 18 glyphs before</msg>
<msg timestamp="20230208 13:04:13.047" level="INFO">Glyph names: ['.notdef', '.null', 'uni0020', 'uni0030', 'uni0031', 'uni0032', 'uni0033', 'uni0034', 'uni0035', 'uni0036', 'uni0037', 'uni0038', 'uni0039', 'uni0062', 'uni006E', 'uni007B', 'uni007D', 'uni00A0']</msg>
<msg timestamp="20230208 13:04:13.048" level="INFO">Glyph IDs:   [0, 1, 2, 3, 544, 727, 1256, 1257, 1258, 1260, 1261, 1262, 1264, 1265, 1266, 1267, 1307, 1308]</msg>
<msg timestamp="20230208 13:04:13.049" level="INFO">Closed glyph list over 'glyf': 18 glyphs after</msg>
<msg timestamp="20230208 13:04:13.049" level="INFO">Glyph names: ['.notdef', '.null', 'uni0020', 'uni0030', 'uni0031', 'uni0032', 'uni0033', 'uni0034', 'uni0035', 'uni0036', 'uni0037', 'uni0038', 'uni0039', 'uni0062', 'uni006E', 'uni007B', 'uni007D', 'uni00A0']</msg>
<msg timestamp="20230208 13:04:13.050" level="INFO">Glyph IDs:   [0, 1, 2, 3, 544, 727, 1256, 1257, 1258, 1260, 1261, 1262, 1264, 1265, 1266, 1267, 1307, 1308]</msg>
<msg timestamp="20230208 13:04:13.050" level="INFO">Retaining 18 glyphs</msg>
<msg timestamp="20230208 13:04:13.051" level="INFO">head subsetting not needed</msg>
<msg timestamp="20230208 13:04:13.051" level="INFO">hhea subsetting not needed</msg>
<msg timestamp="20230208 13:04:13.052" level="INFO">maxp subsetting not needed</msg>
<msg timestamp="20230208 13:04:13.052" level="INFO">OS/2 subsetting not needed</msg>
<msg timestamp="20230208 13:04:13.054" level="INFO">hmtx subsetted</msg>
<msg timestamp="20230208 13:04:13.056" level="INFO">cmap subsetted</msg>
<msg timestamp="20230208 13:04:13.057" level="INFO">loca subsetting not needed</msg>
<msg timestamp="20230208 13:04:13.057" level="INFO">post subsetted</msg>
<msg timestamp="20230208 13:04:13.057" level="INFO">name subsetting not needed</msg>
<msg timestamp="20230208 13:04:13.059" level="INFO">glyf subsetted</msg>
<msg timestamp="20230208 13:04:13.059" level="INFO">head pruned</msg>
<msg timestamp="20230208 13:04:13.060" level="INFO">OS/2 Unicode ranges pruned: [0]</msg>
<msg timestamp="20230208 13:04:13.061" level="INFO">glyf pruned</msg>
<status status="PASS" starttime="20230208 13:04:12.504" endtime="20230208 13:04:13.087"/>
</kw>
<msg timestamp="20230208 13:04:13.089" level="INFO">${pdf_filename} = /Users/nikitav/my-rsb-robot/order-proccessing-robot/pdf_files/RSB-ROBO-ORDER-QV7SEVKPXS.pdf</msg>
<status status="PASS" starttime="20230208 13:04:12.467" endtime="20230208 13:04:13.089"/>
</kw>
<kw name="Embed the robot screenshot to the receipt PDF file">
<arg>IMG_FILE=${img_filename}</arg>
<arg>PDF_FILE=${pdf_filename}</arg>
<kw name="Log To Console" library="BuiltIn">
<arg>Printing image ${IMG_FILE} in pdf file ${PDF_FILE}</arg>
<doc>Logs the given message to the console.</doc>
<status status="PASS" starttime="20230208 13:04:13.092" endtime="20230208 13:04:13.093"/>
</kw>
<kw name="Open Pdf" library="RPA.PDF">
<arg>${PDF_FILE}</arg>
<doc>Open a PDF document for reading.</doc>
<status status="PASS" starttime="20230208 13:04:13.094" endtime="20230208 13:04:13.096"/>
</kw>
<kw name="Create List" library="BuiltIn">
<var>@{myfiles}</var>
<arg>${IMG_FILE}:x=0,y=0</arg>
<doc>Returns a list containing given items.</doc>
<msg timestamp="20230208 13:04:13.099" level="INFO">@{myfiles} = [ /Users/nikitav/my-rsb-robot/order-proccessing-robot/image_files/RSB-ROBO-ORDER-QV7SEVKPXS.png:x=0,y=0 ]</msg>
<status status="PASS" starttime="20230208 13:04:13.097" endtime="20230208 13:04:13.099"/>
</kw>
<kw name="Add Files To Pdf" library="RPA.PDF">
<arg>${myfiles}</arg>
<arg>${PDF_FILE}</arg>
<arg>${True}</arg>
<doc>Add images and/or pdfs to new PDF document</doc>
<msg timestamp="20230208 13:04:13.104" level="INFO">Adding page: 0</msg>
<msg timestamp="20230208 13:04:13.105" level="INFO">File /Users/nikitav/my-rsb-robot/order-proccessing-robot/image_files/RSB-ROBO-ORDER-QV7SEVKPXS.png type: png</msg>
<msg timestamp="20230208 13:04:13.105" level="INFO">Image parameters: {'x': '0', 'y': '0'}</msg>
<status status="PASS" starttime="20230208 13:04:13.100" endtime="20230208 13:04:14.017"/>
</kw>
<kw name="Close Pdf" library="RPA.PDF">
<arg>${PDF_FILE}</arg>
<doc>Close PDF file descriptor for a certain file.</doc>
<msg timestamp="20230208 13:04:14.020" level="INFO">Closing PDF document: /Users/nikitav/my-rsb-robot/order-proccessing-robot/pdf_files/RSB-ROBO-ORDER-QV7SEVKPXS.pdf</msg>
<status status="PASS" starttime="20230208 13:04:14.018" endtime="20230208 13:04:14.020"/>
</kw>
<status status="PASS" starttime="20230208 13:04:13.090" endtime="20230208 13:04:14.021"/>
</kw>
<kw name="Go to order another robot">
<kw name="Set Local Variable" library="BuiltIn">
<arg>${btn_order_another_robot}</arg>
<arg>//*[@id="order-another"]</arg>
<doc>Makes a variable available everywhere within the local scope.</doc>
<msg timestamp="20230208 13:04:14.026" level="INFO">${btn_order_another_robot} = //*[@id="order-another"]</msg>
<status status="PASS" starttime="20230208 13:04:14.023" endtime="20230208 13:04:14.027"/>
</kw>
<kw name="Click Button" library="RPA.Browser.Selenium">
<arg>${btn_order_another_robot}</arg>
<doc>Clicks the button identified by ``locator``.</doc>
<msg timestamp="20230208 13:04:14.029" level="INFO">Clicking button '//*[@id="order-another"]'.</msg>
<status status="PASS" starttime="20230208 13:04:14.028" endtime="20230208 13:04:14.308"/>
</kw>
<status status="PASS" starttime="20230208 13:04:14.022" endtime="20230208 13:04:14.309"/>
</kw>
<status status="PASS" starttime="20230208 13:04:09.833" endtime="20230208 13:04:14.309"/>
</iter>
<iter>
<var name="${row}">{'Order number': '2', 'Head': '4', 'Body': '1', 'Legs': '5', 'Address': 'Address 456'}</var>
<kw name="Close the annoying modal">
<kw name="Set Local Variable" library="BuiltIn">
<arg>${btn_yep}</arg>
<arg>//*[@id="root"]/div/div[2]/div/div/div/div/div/button[2]</arg>
<doc>Makes a variable available everywhere within the local scope.</doc>
<msg timestamp="20230208 13:04:14.316" level="INFO">${btn_yep} = //*[@id="root"]/div/div[2]/div/div/div/div/div/button[2]</msg>
<status status="PASS" starttime="20230208 13:04:14.313" endtime="20230208 13:04:14.317"/>
</kw>
<kw name="Wait And Click Button" library="RPA.Browser.Selenium">
<arg>${btn_yep}</arg>
<doc>Click button identified by ``locator``, once it becomes visible.</doc>
<msg timestamp="20230208 13:04:14.340" level="INFO">Clicking button '//*[@id="root"]/div/div[2]/div/div/div/div/div/button[2]'.</msg>
<status status="PASS" starttime="20230208 13:04:14.318" endtime="20230208 13:04:14.396"/>
</kw>
<status status="PASS" starttime="20230208 13:04:14.311" endtime="20230208 13:04:14.397"/>
</kw>
<kw name="Fill the form">
<arg>${row}</arg>
<kw name="Set Local Variable" library="BuiltIn">
<arg>${order_no}</arg>
<arg>${myrow}[Order number]</arg>
<doc>Makes a variable available everywhere within the local scope.</doc>
<msg timestamp="20230208 13:04:14.402" level="INFO">${order_no} = 2</msg>
<status status="PASS" starttime="20230208 13:04:14.399" endtime="20230208 13:04:14.403"/>
</kw>
<kw name="Set Local Variable" library="BuiltIn">
<arg>${head}</arg>
<arg>${myrow}[Head]</arg>
<doc>Makes a variable available everywhere within the local scope.</doc>
<msg timestamp="20230208 13:04:14.407" level="INFO">${head} = 4</msg>
<status status="PASS" starttime="20230208 13:04:14.404" endtime="20230208 13:04:14.408"/>
</kw>
<kw name="Set Local Variable" library="BuiltIn">
<arg>${body}</arg>
<arg>${myrow}[Body]</arg>
<doc>Makes a variable available everywhere within the local scope.</doc>
<msg timestamp="20230208 13:04:14.412" level="INFO">${body} = 1</msg>
<status status="PASS" starttime="20230208 13:04:14.409" endtime="20230208 13:04:14.412"/>
</kw>
<kw name="Set Local Variable" library="BuiltIn">
<arg>${legs}</arg>
<arg>${myrow}[Legs]</arg>
<doc>Makes a variable available everywhere within the local scope.</doc>
<msg timestamp="20230208 13:04:14.417" level="INFO">${legs} = 5</msg>
<status status="PASS" starttime="20230208 13:04:14.413" endtime="20230208 13:04:14.417"/>
</kw>
<kw name="Set Local Variable" library="BuiltIn">
<arg>${address}</arg>
<arg>${myrow}[Address]</arg>
<doc>Makes a variable available everywhere within the local scope.</doc>
<msg timestamp="20230208 13:04:14.421" level="INFO">${address} = Address 456</msg>
<status status="PASS" starttime="20230208 13:04:14.418" endtime="20230208 13:04:14.422"/>
</kw>
<kw name="Set Local Variable" library="BuiltIn">
<arg>${input_head}</arg>
<arg>//*[@id="head"]</arg>
<doc>Makes a variable available everywhere within the local scope.</doc>
<msg timestamp="20230208 13:04:14.426" level="INFO">${input_head} = //*[@id="head"]</msg>
<status status="PASS" starttime="20230208 13:04:14.422" endtime="20230208 13:04:14.426"/>
</kw>
<kw name="Set Local Variable" library="BuiltIn">
<arg>${input_body}</arg>
<arg>body</arg>
<doc>Makes a variable available everywhere within the local scope.</doc>
<msg timestamp="20230208 13:04:14.431" level="INFO">${input_body} = body</msg>
<status status="PASS" starttime="20230208 13:04:14.427" endtime="20230208 13:04:14.431"/>
</kw>
<kw name="Set Local Variable" library="BuiltIn">
<arg>${input_legs}</arg>
<arg>xpath://html/body/div/div/div[1]/div/div[1]/form/div[3]/input</arg>
<doc>Makes a variable available everywhere within the local scope.</doc>
<msg timestamp="20230208 13:04:14.435" level="INFO">${input_legs} = xpath://html/body/div/div/div[1]/div/div[1]/form/div[3]/input</msg>
<status status="PASS" starttime="20230208 13:04:14.432" endtime="20230208 13:04:14.436"/>
</kw>
<kw name="Set Local Variable" library="BuiltIn">
<arg>${input_address}</arg>
<arg>//*[@id="address"]</arg>
<doc>Makes a variable available everywhere within the local scope.</doc>
<msg timestamp="20230208 13:04:14.440" level="INFO">${input_address} = //*[@id="address"]</msg>
<status status="PASS" starttime="20230208 13:04:14.436" endtime="20230208 13:04:14.440"/>
</kw>
<kw name="Set Local Variable" library="BuiltIn">
<arg>${btn_preview}</arg>
<arg>//*[@id="preview"]</arg>
<doc>Makes a variable available everywhere within the local scope.</doc>
<msg timestamp="20230208 13:04:14.445" level="INFO">${btn_preview} = //*[@id="preview"]</msg>
<status status="PASS" starttime="20230208 13:04:14.441" endtime="20230208 13:04:14.445"/>
</kw>
<kw name="Set Local Variable" library="BuiltIn">
<arg>${btn_order}</arg>
<arg>//*[@id="order"]</arg>
<doc>Makes a variable available everywhere within the local scope.</doc>
<msg timestamp="20230208 13:04:14.450" level="INFO">${btn_order} = //*[@id="order"]</msg>
<status status="PASS" starttime="20230208 13:04:14.446" endtime="20230208 13:04:14.450"/>
</kw>
<kw name="Set Local Variable" library="BuiltIn">
<arg>${img_preview}</arg>
<arg>//*[@id="robot-preview-image"]</arg>
<doc>Makes a variable available everywhere within the local scope.</doc>
<msg timestamp="20230208 13:04:14.454" level="INFO">${img_preview} = //*[@id="robot-preview-image"]</msg>
<status status="PASS" starttime="20230208 13:04:14.451" endtime="20230208 13:04:14.455"/>
</kw>
<kw name="Wait Until Element Is Visible" library="RPA.Browser.Selenium">
<arg>${input_head}</arg>
<doc>Waits until the element ``locator`` is visible.</doc>
<status status="PASS" starttime="20230208 13:04:14.456" endtime="20230208 13:04:14.495"/>
</kw>
<kw name="Wait Until Element Is Enabled" library="RPA.Browser.Selenium">
<arg>${input_head}</arg>
<doc>Waits until the element ``locator`` is enabled.</doc>
<status status="PASS" starttime="20230208 13:04:14.496" endtime="20230208 13:04:14.516"/>
</kw>
<kw name="Select From List By Value" library="RPA.Browser.Selenium">
<arg>${input_head}</arg>
<arg>${head}</arg>
<doc>Selects options from selection list ``locator`` by ``values``.</doc>
<msg timestamp="20230208 13:04:14.519" level="INFO">Selecting options from selection list '//*[@id="head"]' by value 4.</msg>
<status status="PASS" starttime="20230208 13:04:14.517" endtime="20230208 13:04:14.582"/>
</kw>
<kw name="Wait Until Element Is Enabled" library="RPA.Browser.Selenium">
<arg>${input_body}</arg>
<doc>Waits until the element ``locator`` is enabled.</doc>
<status status="PASS" starttime="20230208 13:04:14.583" endtime="20230208 13:04:14.619"/>
</kw>
<kw name="Select Radio Button" library="RPA.Browser.Selenium">
<arg>${input_body}</arg>
<arg>${body}</arg>
<doc>Sets the radio button group ``group_name`` to ``value``.</doc>
<msg timestamp="20230208 13:04:14.621" level="INFO">Selecting '1' from radio button 'body'.</msg>
<status status="PASS" starttime="20230208 13:04:14.620" endtime="20230208 13:04:14.693"/>
</kw>
<kw name="Wait Until Element Is Enabled" library="RPA.Browser.Selenium">
<arg>${input_legs}</arg>
<doc>Waits until the element ``locator`` is enabled.</doc>
<status status="PASS" starttime="20230208 13:04:14.694" endtime="20230208 13:04:14.709"/>
</kw>
<kw name="Input Text" library="RPA.Browser.Selenium">
<arg>${input_legs}</arg>
<arg>${legs}</arg>
<doc>Types the given ``text`` into the text field identified by ``locator``.</doc>
<msg timestamp="20230208 13:04:14.711" level="INFO">Typing text '5' into text field 'xpath://html/body/div/div/div[1]/div/div[1]/form/div[3]/input'.</msg>
<status status="PASS" starttime="20230208 13:04:14.710" endtime="20230208 13:04:14.756"/>
</kw>
<kw name="Wait Until Element Is Enabled" library="RPA.Browser.Selenium">
<arg>${input_address}</arg>
<doc>Waits until the element ``locator`` is enabled.</doc>
<status status="PASS" starttime="20230208 13:04:14.756" endtime="20230208 13:04:14.772"/>
</kw>
<kw name="Input Text" library="RPA.Browser.Selenium">
<arg>${input_address}</arg>
<arg>${address}</arg>
<doc>Types the given ``text`` into the text field identified by ``locator``.</doc>
<msg timestamp="20230208 13:04:14.774" level="INFO">Typing text 'Address 456' into text field '//*[@id="address"]'.</msg>
<status status="PASS" starttime="20230208 13:04:14.773" endtime="20230208 13:04:14.823"/>
</kw>
<status status="PASS" starttime="20230208 13:04:14.398" endtime="20230208 13:04:14.824"/>
</kw>
<kw name="Wait Until Keyword Succeeds" library="BuiltIn">
<arg>10x</arg>
<arg>2s</arg>
<arg>Preview the robot</arg>
<doc>Runs the specified keyword and retries if it fails.</doc>
<kw name="Preview the robot">
<kw name="Set Local Variable" library="BuiltIn">
<arg>${btn_preview}</arg>
<arg>//*[@id="preview"]</arg>
<doc>Makes a variable available everywhere within the local scope.</doc>
<msg timestamp="20230208 13:04:14.831" level="INFO">${btn_preview} = //*[@id="preview"]</msg>
<status status="PASS" starttime="20230208 13:04:14.827" endtime="20230208 13:04:14.831"/>
</kw>
<kw name="Set Local Variable" library="BuiltIn">
<arg>${img_preview}</arg>
<arg>//*[@id="robot-preview-image"]</arg>
<doc>Makes a variable available everywhere within the local scope.</doc>
<msg timestamp="20230208 13:04:14.835" level="INFO">${img_preview} = //*[@id="robot-preview-image"]</msg>
<status status="PASS" starttime="20230208 13:04:14.832" endtime="20230208 13:04:14.835"/>
</kw>
<kw name="Click Button" library="RPA.Browser.Selenium">
<arg>${btn_preview}</arg>
<doc>Clicks the button identified by ``locator``.</doc>
<msg timestamp="20230208 13:04:14.837" level="INFO">Clicking button '//*[@id="preview"]'.</msg>
<status status="PASS" starttime="20230208 13:04:14.836" endtime="20230208 13:04:15.404"/>
</kw>
<kw name="Wait Until Element Is Visible" library="RPA.Browser.Selenium">
<arg>${img_preview}</arg>
<doc>Waits until the element ``locator`` is visible.</doc>
<status status="PASS" starttime="20230208 13:04:15.405" endtime="20230208 13:04:15.418"/>
</kw>
<status status="PASS" starttime="20230208 13:04:14.826" endtime="20230208 13:04:15.419"/>
</kw>
<status status="PASS" starttime="20230208 13:04:14.825" endtime="20230208 13:04:15.419"/>
</kw>
<kw name="Wait Until Keyword Succeeds" library="BuiltIn">
<arg>10x</arg>
<arg>2s</arg>
<arg>Submit The Order</arg>
<doc>Runs the specified keyword and retries if it fails.</doc>
<kw name="Submit the order">
<kw name="Set Local Variable" library="BuiltIn">
<arg>${btn_order}</arg>
<arg>//*[@id="order"]</arg>
<doc>Makes a variable available everywhere within the local scope.</doc>
<msg timestamp="20230208 13:04:15.426" level="INFO">${btn_order} = //*[@id="order"]</msg>
<status status="PASS" starttime="20230208 13:04:15.423" endtime="20230208 13:04:15.426"/>
</kw>
<kw name="Set Local Variable" library="BuiltIn">
<arg>${lbl_receipt}</arg>
<arg>//*[@id="receipt"]</arg>
<doc>Makes a variable available everywhere within the local scope.</doc>
<msg timestamp="20230208 13:04:15.430" level="INFO">${lbl_receipt} = //*[@id="receipt"]</msg>
<status status="PASS" starttime="20230208 13:04:15.427" endtime="20230208 13:04:15.431"/>
</kw>
<kw name="Mute Run On Failure" library="RPA.RobotLogListener">
<arg>Page Should Contain Element</arg>
<doc>Set keywords which should not execute `SeleniumLibrary`
default behaviour of running keyword on failure.</doc>
<kw name="Get Library Instance" library="BuiltIn">
<arg>RPA.Browser</arg>
<doc>Returns the currently active instance of the specified library.</doc>
<msg timestamp="20230208 13:04:15.434" level="FAIL">No library 'RPA.Browser' found.</msg>
<status status="FAIL" starttime="20230208 13:04:15.433" endtime="20230208 13:04:15.435"/>
</kw>
<kw name="Get Library Instance" library="BuiltIn">
<arg>RPA.Browser.Selenium</arg>
<doc>Returns the currently active instance of the specified library.</doc>
<status status="PASS" starttime="20230208 13:04:15.436" endtime="20230208 13:04:15.437"/>
</kw>
<status status="PASS" starttime="20230208 13:04:15.431" endtime="20230208 13:04:15.437"/>
</kw>
<kw name="Click Button" library="RPA.Browser.Selenium">
<arg>${btn_order}</arg>
<doc>Clicks the button identified by ``locator``.</doc>
<msg timestamp="20230208 13:04:15.439" level="INFO">Clicking button '//*[@id="order"]'.</msg>
<status status="PASS" starttime="20230208 13:04:15.438" endtime="20230208 13:04:15.495"/>
</kw>
<kw name="Page Should Contain Element" library="RPA.Browser.Selenium">
<arg>${lbl_receipt}</arg>
<doc>Verifies that element ``locator`` is found on the current page.</doc>
<msg timestamp="20230208 13:04:15.497" level="INFO">No keyword will be run on failure.</msg>
<msg timestamp="20230208 13:04:15.497" level="INFO">No keyword will be run on failure.</msg>
<msg timestamp="20230208 13:04:15.508" level="FAIL">Page should have contained element '//*[@id="receipt"]' but did not.</msg>
<status status="FAIL" starttime="20230208 13:04:15.496" endtime="20230208 13:04:15.512"/>
</kw>
<status status="FAIL" starttime="20230208 13:04:15.421" endtime="20230208 13:04:15.515"/>
</kw>
<kw name="Submit the order">
<kw name="Set Local Variable" library="BuiltIn">
<arg>${btn_order}</arg>
<arg>//*[@id="order"]</arg>
<doc>Makes a variable available everywhere within the local scope.</doc>
<msg timestamp="20230208 13:04:17.526" level="INFO">${btn_order} = //*[@id="order"]</msg>
<status status="PASS" starttime="20230208 13:04:17.520" endtime="20230208 13:04:17.526"/>
</kw>
<kw name="Set Local Variable" library="BuiltIn">
<arg>${lbl_receipt}</arg>
<arg>//*[@id="receipt"]</arg>
<doc>Makes a variable available everywhere within the local scope.</doc>
<msg timestamp="20230208 13:04:17.533" level="INFO">${lbl_receipt} = //*[@id="receipt"]</msg>
<status status="PASS" starttime="20230208 13:04:17.527" endtime="20230208 13:04:17.533"/>
</kw>
<kw name="Mute Run On Failure" library="RPA.RobotLogListener">
<arg>Page Should Contain Element</arg>
<doc>Set keywords which should not execute `SeleniumLibrary`
default behaviour of running keyword on failure.</doc>
<kw name="Get Library Instance" library="BuiltIn">
<arg>RPA.Browser</arg>
<doc>Returns the currently active instance of the specified library.</doc>
<msg timestamp="20230208 13:04:17.539" level="FAIL">No library 'RPA.Browser' found.</msg>
<status status="FAIL" starttime="20230208 13:04:17.537" endtime="20230208 13:04:17.540"/>
</kw>
<kw name="Get Library Instance" library="BuiltIn">
<arg>RPA.Browser.Selenium</arg>
<doc>Returns the currently active instance of the specified library.</doc>
<status status="PASS" starttime="20230208 13:04:17.541" endtime="20230208 13:04:17.543"/>
</kw>
<status status="PASS" starttime="20230208 13:04:17.534" endtime="20230208 13:04:17.543"/>
</kw>
<kw name="Click Button" library="RPA.Browser.Selenium">
<arg>${btn_order}</arg>
<doc>Clicks the button identified by ``locator``.</doc>
<msg timestamp="20230208 13:04:17.546" level="INFO">Clicking button '//*[@id="order"]'.</msg>
<status status="PASS" starttime="20230208 13:04:17.544" endtime="20230208 13:04:17.631"/>
</kw>
<kw name="Page Should Contain Element" library="RPA.Browser.Selenium">
<arg>${lbl_receipt}</arg>
<doc>Verifies that element ``locator`` is found on the current page.</doc>
<msg timestamp="20230208 13:04:17.633" level="INFO">No keyword will be run on failure.</msg>
<msg timestamp="20230208 13:04:17.633" level="INFO">No keyword will be run on failure.</msg>
<msg timestamp="20230208 13:04:17.633" level="INFO">No keyword will be run on failure.</msg>
<msg timestamp="20230208 13:04:17.645" level="INFO">Current page contains element '//*[@id="receipt"]'.</msg>
<status status="PASS" starttime="20230208 13:04:17.632" endtime="20230208 13:04:17.645"/>
</kw>
<status status="PASS" starttime="20230208 13:04:17.517" endtime="20230208 13:04:17.646"/>
</kw>
<status status="PASS" starttime="20230208 13:04:15.420" endtime="20230208 13:04:17.647"/>
</kw>
<kw name="Take a screenshot of the robot">
<var>${orderid}</var>
<var>${img_filename}</var>
<kw name="Set Local Variable" library="BuiltIn">
<arg>${lbl_orderid}</arg>
<arg>xpath://html/body/div/div/div[1]/div/div[1]/div/div/p[1]</arg>
<doc>Makes a variable available everywhere within the local scope.</doc>
<msg timestamp="20230208 13:04:17.652" level="INFO">${lbl_orderid} = xpath://html/body/div/div/div[1]/div/div[1]/div/div/p[1]</msg>
<status status="PASS" starttime="20230208 13:04:17.649" endtime="20230208 13:04:17.653"/>
</kw>
<kw name="Set Local Variable" library="BuiltIn">
<arg>${img_robot}</arg>
<arg>//*[@id="robot-preview-image"]</arg>
<doc>Makes a variable available everywhere within the local scope.</doc>
<msg timestamp="20230208 13:04:17.657" level="INFO">${img_robot} = //*[@id="robot-preview-image"]</msg>
<status status="PASS" starttime="20230208 13:04:17.653" endtime="20230208 13:04:17.657"/>
</kw>
<kw name="Wait Until Element Is Visible" library="RPA.Browser.Selenium">
<arg>${img_robot}</arg>
<doc>Waits until the element ``locator`` is visible.</doc>
<status status="PASS" starttime="20230208 13:04:17.658" endtime="20230208 13:04:17.671"/>
</kw>
<kw name="Wait Until Element Is Visible" library="RPA.Browser.Selenium">
<arg>${lbl_orderid}</arg>
<doc>Waits until the element ``locator`` is visible.</doc>
<status status="PASS" starttime="20230208 13:04:17.672" endtime="20230208 13:04:17.682"/>
</kw>
<kw name="Get Text" library="RPA.Browser.Selenium">
<var>${orderid}</var>
<arg>//*[@id="receipt"]/p[1]</arg>
<doc>Returns the text value of the element identified by ``locator``.</doc>
<msg timestamp="20230208 13:04:17.695" level="INFO">${orderid} = RSB-ROBO-ORDER-Q1Z9CEH6ZR</msg>
<status status="PASS" starttime="20230208 13:04:17.683" endtime="20230208 13:04:17.696"/>
</kw>
<kw name="Set Local Variable" library="BuiltIn">
<arg>${fully_qualified_img_filename}</arg>
<arg>${img_folder}${/}${orderid}.png</arg>
<doc>Makes a variable available everywhere within the local scope.</doc>
<msg timestamp="20230208 13:04:17.700" level="INFO">${fully_qualified_img_filename} = /Users/nikitav/my-rsb-robot/order-proccessing-robot/image_files/RSB-ROBO-ORDER-Q1Z9CEH6ZR.png</msg>
<status status="PASS" starttime="20230208 13:04:17.697" endtime="20230208 13:04:17.700"/>
</kw>
<kw name="Sleep" library="BuiltIn">
<arg>1sec</arg>
<doc>Pauses the test executed for the given time.</doc>
<msg timestamp="20230208 13:04:18.704" level="INFO">Slept 1 second</msg>
<status status="PASS" starttime="20230208 13:04:17.701" endtime="20230208 13:04:18.706"/>
</kw>
<kw name="Log To Console" library="BuiltIn">
<arg>Taking Screenshot to ${fully_qualified_img_filename}</arg>
<doc>Logs the given message to the console.</doc>
<status status="PASS" starttime="20230208 13:04:18.709" endtime="20230208 13:04:18.713"/>
</kw>
<kw name="Capture Element Screenshot" library="RPA.Browser.Selenium">
<arg>${img_robot}</arg>
<arg>${fully_qualified_img_filename}</arg>
<doc>Captures a screenshot from the element identified by ``locator`` and embeds it into log file.</doc>
<msg timestamp="20230208 13:04:18.824" level="INFO" html="true">&lt;/td&gt;&lt;/tr&gt;&lt;tr&gt;&lt;td colspan="3"&gt;&lt;a href="order-proccessing-robot/image_files/RSB-ROBO-ORDER-Q1Z9CEH6ZR.png"&gt;&lt;img src="order-proccessing-robot/image_files/RSB-ROBO-ORDER-Q1Z9CEH6ZR.png" width="400px"&gt;&lt;/a&gt;</msg>
<status status="PASS" starttime="20230208 13:04:18.715" endtime="20230208 13:04:18.824"/>
</kw>
<msg timestamp="20230208 13:04:18.826" level="INFO">${orderid} = RSB-ROBO-ORDER-Q1Z9CEH6ZR</msg>
<msg timestamp="20230208 13:04:18.827" level="INFO">${img_filename} = /Users/nikitav/my-rsb-robot/order-proccessing-robot/image_files/RSB-ROBO-ORDER-Q1Z9CEH6ZR.png</msg>
<status status="PASS" starttime="20230208 13:04:17.647" endtime="20230208 13:04:18.827"/>
</kw>
<kw name="Store the receipt as a PDF file">
<var>${pdf_filename}</var>
<arg>ORDER_NUMBER=${order_id}</arg>
<kw name="Wait Until Element Is Visible" library="RPA.Browser.Selenium">
<arg>//*[@id="receipt"]</arg>
<doc>Waits until the element ``locator`` is visible.</doc>
<status status="PASS" starttime="20230208 13:04:18.830" endtime="20230208 13:04:18.843"/>
</kw>
<kw name="Log To Console" library="BuiltIn">
<arg>Printing ${ORDER_NUMBER}</arg>
<doc>Logs the given message to the console.</doc>
<status status="PASS" starttime="20230208 13:04:18.844" endtime="20230208 13:04:18.845"/>
</kw>
<kw name="Get Element Attribute" library="RPA.Browser.Selenium">
<var>${order_receipt_html}</var>
<arg>//*[@id="receipt"]</arg>
<arg>outerHTML</arg>
<doc>Returns the value of ``attribute`` from the element ``locator``.</doc>
<msg timestamp="20230208 13:04:18.858" level="INFO">${order_receipt_html} = &lt;div id="receipt" class="alert alert-success" role="alert"&gt;&lt;h3&gt;Receipt&lt;/h3&gt;&lt;div&gt;2023-02-08T11:04:17.592Z&lt;/div&gt;&lt;p class="badge badge-success"&gt;RSB-ROBO-ORDER-Q1Z9CEH6ZR&lt;/p&gt;&lt;p&gt;Address 456&lt;/p&gt;&lt;div id="par...</msg>
<status status="PASS" starttime="20230208 13:04:18.846" endtime="20230208 13:04:18.858"/>
</kw>
<kw name="Set Local Variable" library="BuiltIn">
<arg>${fully_qualified_pdf_filename}</arg>
<arg>${pdf_folder}${/}${ORDER_NUMBER}.pdf</arg>
<doc>Makes a variable available everywhere within the local scope.</doc>
<msg timestamp="20230208 13:04:18.863" level="INFO">${fully_qualified_pdf_filename} = /Users/nikitav/my-rsb-robot/order-proccessing-robot/pdf_files/RSB-ROBO-ORDER-Q1Z9CEH6ZR.pdf</msg>
<status status="PASS" starttime="20230208 13:04:18.859" endtime="20230208 13:04:18.863"/>
</kw>
<kw name="Html To Pdf" library="RPA.PDF">
<arg>content=${order_receipt_html}</arg>
<arg>output_path=${fully_qualified_pdf_filename}</arg>
<doc>Generate a PDF file from HTML content.</doc>
<msg timestamp="20230208 13:04:18.867" level="INFO">Writing output to file /Users/nikitav/my-rsb-robot/order-proccessing-robot/pdf_files/RSB-ROBO-ORDER-Q1Z9CEH6ZR.pdf</msg>
<msg timestamp="20230208 13:04:19.119" level="INFO">maxp pruned</msg>
<msg timestamp="20230208 13:04:19.119" level="INFO">cmap pruned</msg>
<msg timestamp="20230208 13:04:19.120" level="INFO">post pruned</msg>
<msg timestamp="20230208 13:04:19.120" level="INFO">GDEF dropped</msg>
<msg timestamp="20230208 13:04:19.121" level="INFO">GPOS dropped</msg>
<msg timestamp="20230208 13:04:19.121" level="INFO">GSUB dropped</msg>
<msg timestamp="20230208 13:04:19.122" level="INFO">name pruned</msg>
<msg timestamp="20230208 13:04:19.131" level="INFO">glyf pruned</msg>
<msg timestamp="20230208 13:04:19.131" level="INFO">Added gid0 to subset</msg>
<msg timestamp="20230208 13:04:19.132" level="INFO">Added first four glyphs to subset</msg>
<msg timestamp="20230208 13:04:19.132" level="INFO">Closing glyph list over 'glyf': 57 glyphs before</msg>
<msg timestamp="20230208 13:04:19.132" level="INFO">Glyph names: ['.notdef', '.null', 'uni0020', 'uni0021', 'uni002D', 'uni002E', 'uni0030', 'uni0031', 'uni0032', 'uni0033', 'uni0034', 'uni0035', 'uni0036', 'uni0037', 'uni0038', 'uni0039', 'uni003A', 'uni0041', 'uni0042', 'uni0043', 'uni0044', 'uni0045', 'uni0048', 'uni004C', 'uni004F', 'uni0051', 'uni0052', 'uni0053', 'uni0054', 'uni0057', 'uni0059', 'uni005A', 'uni0061', 'uni0062', 'uni0063', 'uni0064', 'uni0065', 'uni0066', 'uni0067', 'uni0068', 'uni0069', 'uni006B', 'uni006C', 'uni006D', 'uni006E', 'uni006F', 'uni0070', 'uni0072', 'uni0073', 'uni0074', 'uni0075', 'uni0076', 'uni0077', 'uni0079', 'uni007B', 'uni007D', 'uni00C4']</msg>
<msg timestamp="20230208 13:04:19.134" level="INFO">Glyph IDs:   [0, 1, 2, 3, 65, 73, 84, 95, 161, 280, 320, 381, 382, 395, 409, 456, 469, 493, 504, 575, 582, 594, 612, 645, 650, 660, 679, 715, 723, 752, 759, 775, 827, 837, 867, 884, 899, 932, 936, 950, 1294, 1295, 1296, 1298, 1299, 1300, 1302, 1303, 1304, 1305, 1329, 1345, 1346, 1361, 1404, 1407, 1681]</msg>
<msg timestamp="20230208 13:04:19.134" level="INFO">Closed glyph list over 'glyf': 57 glyphs after</msg>
<msg timestamp="20230208 13:04:19.135" level="INFO">Glyph names: ['.notdef', '.null', 'uni0020', 'uni0021', 'uni002D', 'uni002E', 'uni0030', 'uni0031', 'uni0032', 'uni0033', 'uni0034', 'uni0035', 'uni0036', 'uni0037', 'uni0038', 'uni0039', 'uni003A', 'uni0041', 'uni0042', 'uni0043', 'uni0044', 'uni0045', 'uni0048', 'uni004C', 'uni004F', 'uni0051', 'uni0052', 'uni0053', 'uni0054', 'uni0057', 'uni0059', 'uni005A', 'uni0061', 'uni0062', 'uni0063', 'uni0064', 'uni0065', 'uni0066', 'uni0067', 'uni0068', 'uni0069', 'uni006B', 'uni006C', 'uni006D', 'uni006E', 'uni006F', 'uni0070', 'uni0072', 'uni0073', 'uni0074', 'uni0075', 'uni0076', 'uni0077', 'uni0079', 'uni007B', 'uni007D', 'uni00C4']</msg>
<msg timestamp="20230208 13:04:19.136" level="INFO">Glyph IDs:   [0, 1, 2, 3, 65, 73, 84, 95, 161, 280, 320, 381, 382, 395, 409, 456, 469, 493, 504, 575, 582, 594, 612, 645, 650, 660, 679, 715, 723, 752, 759, 775, 827, 837, 867, 884, 899, 932, 936, 950, 1294, 1295, 1296, 1298, 1299, 1300, 1302, 1303, 1304, 1305, 1329, 1345, 1346, 1361, 1404, 1407, 1681]</msg>
<msg timestamp="20230208 13:04:19.136" level="INFO">Retaining 57 glyphs</msg>
<msg timestamp="20230208 13:04:19.137" level="INFO">head subsetting not needed</msg>
<msg timestamp="20230208 13:04:19.138" level="INFO">hhea subsetting not needed</msg>
<msg timestamp="20230208 13:04:19.138" level="INFO">maxp subsetting not needed</msg>
<msg timestamp="20230208 13:04:19.138" level="INFO">OS/2 subsetting not needed</msg>
<msg timestamp="20230208 13:04:19.141" level="INFO">hmtx subsetted</msg>
<msg timestamp="20230208 13:04:19.143" level="INFO">cmap subsetted</msg>
<msg timestamp="20230208 13:04:19.144" level="INFO">prep subsetting not needed</msg>
<msg timestamp="20230208 13:04:19.144" level="INFO">loca subsetting not needed</msg>
<msg timestamp="20230208 13:04:19.144" level="INFO">post subsetted</msg>
<msg timestamp="20230208 13:04:19.145" level="INFO">gasp subsetting not needed</msg>
<msg timestamp="20230208 13:04:19.145" level="INFO">STAT subsetting not needed</msg>
<msg timestamp="20230208 13:04:19.145" level="INFO">name subsetting not needed</msg>
<msg timestamp="20230208 13:04:19.147" level="INFO">glyf subsetted</msg>
<msg timestamp="20230208 13:04:19.148" level="INFO">head pruned</msg>
<msg timestamp="20230208 13:04:19.149" level="INFO">OS/2 Unicode ranges pruned: [0]</msg>
<msg timestamp="20230208 13:04:19.151" level="INFO">glyf pruned</msg>
<msg timestamp="20230208 13:04:19.207" level="INFO">maxp pruned</msg>
<msg timestamp="20230208 13:04:19.208" level="INFO">cmap pruned</msg>
<msg timestamp="20230208 13:04:19.208" level="INFO">post pruned</msg>
<msg timestamp="20230208 13:04:19.209" level="INFO">GDEF dropped</msg>
<msg timestamp="20230208 13:04:19.209" level="INFO">GPOS dropped</msg>
<msg timestamp="20230208 13:04:19.209" level="INFO">GSUB dropped</msg>
<msg timestamp="20230208 13:04:19.211" level="INFO">name pruned</msg>
<msg timestamp="20230208 13:04:19.218" level="INFO">glyf pruned</msg>
<msg timestamp="20230208 13:04:19.219" level="INFO">Added gid0 to subset</msg>
<msg timestamp="20230208 13:04:19.219" level="INFO">Added first four glyphs to subset</msg>
<msg timestamp="20230208 13:04:19.219" level="INFO">Closing glyph list over 'glyf': 19 glyphs before</msg>
<msg timestamp="20230208 13:04:19.220" level="INFO">Glyph names: ['.notdef', '.null', 'uni0020', 'uni0030', 'uni0031', 'uni0032', 'uni0033', 'uni0034', 'uni0035', 'uni0036', 'uni0037', 'uni0038', 'uni0039', 'uni0041', 'uni0062', 'uni006E', 'uni007B', 'uni007D', 'uni00C4']</msg>
<msg timestamp="20230208 13:04:19.221" level="INFO">Glyph IDs:   [0, 1, 2, 3, 575, 759, 1294, 1295, 1296, 1298, 1299, 1300, 1302, 1303, 1304, 1305, 1345, 1346, 1681]</msg>
<msg timestamp="20230208 13:04:19.221" level="INFO">Closed glyph list over 'glyf': 19 glyphs after</msg>
<msg timestamp="20230208 13:04:19.222" level="INFO">Glyph names: ['.notdef', '.null', 'uni0020', 'uni0030', 'uni0031', 'uni0032', 'uni0033', 'uni0034', 'uni0035', 'uni0036', 'uni0037', 'uni0038', 'uni0039', 'uni0041', 'uni0062', 'uni006E', 'uni007B', 'uni007D', 'uni00C4']</msg>
<msg timestamp="20230208 13:04:19.223" level="INFO">Glyph IDs:   [0, 1, 2, 3, 575, 759, 1294, 1295, 1296, 1298, 1299, 1300, 1302, 1303, 1304, 1305, 1345, 1346, 1681]</msg>
<msg timestamp="20230208 13:04:19.223" level="INFO">Retaining 19 glyphs</msg>
<msg timestamp="20230208 13:04:19.224" level="INFO">head subsetting not needed</msg>
<msg timestamp="20230208 13:04:19.225" level="INFO">hhea subsetting not needed</msg>
<msg timestamp="20230208 13:04:19.225" level="INFO">maxp subsetting not needed</msg>
<msg timestamp="20230208 13:04:19.225" level="INFO">OS/2 subsetting not needed</msg>
<msg timestamp="20230208 13:04:19.228" level="INFO">hmtx subsetted</msg>
<msg timestamp="20230208 13:04:19.230" level="INFO">cmap subsetted</msg>
<msg timestamp="20230208 13:04:19.230" level="INFO">prep subsetting not needed</msg>
<msg timestamp="20230208 13:04:19.231" level="INFO">loca subsetting not needed</msg>
<msg timestamp="20230208 13:04:19.231" level="INFO">post subsetted</msg>
<msg timestamp="20230208 13:04:19.232" level="INFO">gasp subsetting not needed</msg>
<msg timestamp="20230208 13:04:19.232" level="INFO">STAT subsetting not needed</msg>
<msg timestamp="20230208 13:04:19.232" level="INFO">name subsetting not needed</msg>
<msg timestamp="20230208 13:04:19.233" level="INFO">glyf subsetted</msg>
<msg timestamp="20230208 13:04:19.234" level="INFO">head pruned</msg>
<msg timestamp="20230208 13:04:19.235" level="INFO">OS/2 Unicode ranges pruned: [0]</msg>
<msg timestamp="20230208 13:04:19.236" level="INFO">glyf pruned</msg>
<msg timestamp="20230208 13:04:19.270" level="INFO">maxp pruned</msg>
<msg timestamp="20230208 13:04:19.270" level="INFO">cmap pruned</msg>
<msg timestamp="20230208 13:04:19.271" level="INFO">post pruned</msg>
<msg timestamp="20230208 13:04:19.271" level="INFO">GDEF dropped</msg>
<msg timestamp="20230208 13:04:19.271" level="INFO">GPOS dropped</msg>
<msg timestamp="20230208 13:04:19.272" level="INFO">GSUB dropped</msg>
<msg timestamp="20230208 13:04:19.272" level="INFO">name pruned</msg>
<msg timestamp="20230208 13:04:19.281" level="INFO">glyf pruned</msg>
<msg timestamp="20230208 13:04:19.286" level="INFO">Added gid0 to subset</msg>
<msg timestamp="20230208 13:04:19.286" level="INFO">Added first four glyphs to subset</msg>
<msg timestamp="20230208 13:04:19.286" level="INFO">Closing glyph list over 'glyf': 18 glyphs before</msg>
<msg timestamp="20230208 13:04:19.287" level="INFO">Glyph names: ['.notdef', '.null', 'uni0020', 'uni0030', 'uni0031', 'uni0032', 'uni0033', 'uni0034', 'uni0035', 'uni0036', 'uni0037', 'uni0038', 'uni0039', 'uni0062', 'uni006E', 'uni007B', 'uni007D', 'uni00A0']</msg>
<msg timestamp="20230208 13:04:19.288" level="INFO">Glyph IDs:   [0, 1, 2, 3, 544, 727, 1256, 1257, 1258, 1260, 1261, 1262, 1264, 1265, 1266, 1267, 1307, 1308]</msg>
<msg timestamp="20230208 13:04:19.288" level="INFO">Closed glyph list over 'glyf': 18 glyphs after</msg>
<msg timestamp="20230208 13:04:19.289" level="INFO">Glyph names: ['.notdef', '.null', 'uni0020', 'uni0030', 'uni0031', 'uni0032', 'uni0033', 'uni0034', 'uni0035', 'uni0036', 'uni0037', 'uni0038', 'uni0039', 'uni0062', 'uni006E', 'uni007B', 'uni007D', 'uni00A0']</msg>
<msg timestamp="20230208 13:04:19.289" level="INFO">Glyph IDs:   [0, 1, 2, 3, 544, 727, 1256, 1257, 1258, 1260, 1261, 1262, 1264, 1265, 1266, 1267, 1307, 1308]</msg>
<msg timestamp="20230208 13:04:19.290" level="INFO">Retaining 18 glyphs</msg>
<msg timestamp="20230208 13:04:19.290" level="INFO">head subsetting not needed</msg>
<msg timestamp="20230208 13:04:19.291" level="INFO">hhea subsetting not needed</msg>
<msg timestamp="20230208 13:04:19.291" level="INFO">maxp subsetting not needed</msg>
<msg timestamp="20230208 13:04:19.292" level="INFO">OS/2 subsetting not needed</msg>
<msg timestamp="20230208 13:04:19.294" level="INFO">hmtx subsetted</msg>
<msg timestamp="20230208 13:04:19.296" level="INFO">cmap subsetted</msg>
<msg timestamp="20230208 13:04:19.296" level="INFO">loca subsetting not needed</msg>
<msg timestamp="20230208 13:04:19.297" level="INFO">post subsetted</msg>
<msg timestamp="20230208 13:04:19.297" level="INFO">name subsetting not needed</msg>
<msg timestamp="20230208 13:04:19.298" level="INFO">glyf subsetted</msg>
<msg timestamp="20230208 13:04:19.299" level="INFO">head pruned</msg>
<msg timestamp="20230208 13:04:19.300" level="INFO">OS/2 Unicode ranges pruned: [0]</msg>
<msg timestamp="20230208 13:04:19.301" level="INFO">glyf pruned</msg>
<msg timestamp="20230208 13:04:19.330" level="INFO">maxp pruned</msg>
<msg timestamp="20230208 13:04:19.331" level="INFO">cmap pruned</msg>
<msg timestamp="20230208 13:04:19.332" level="INFO">post pruned</msg>
<msg timestamp="20230208 13:04:19.332" level="INFO">GDEF dropped</msg>
<msg timestamp="20230208 13:04:19.332" level="INFO">GPOS dropped</msg>
<msg timestamp="20230208 13:04:19.332" level="INFO">GSUB dropped</msg>
<msg timestamp="20230208 13:04:19.333" level="INFO">name pruned</msg>
<msg timestamp="20230208 13:04:19.340" level="INFO">glyf pruned</msg>
<msg timestamp="20230208 13:04:19.346" level="INFO">Added gid0 to subset</msg>
<msg timestamp="20230208 13:04:19.346" level="INFO">Added first four glyphs to subset</msg>
<msg timestamp="20230208 13:04:19.346" level="INFO">Closing glyph list over 'glyf': 18 glyphs before</msg>
<msg timestamp="20230208 13:04:19.347" level="INFO">Glyph names: ['.notdef', '.null', 'uni0020', 'uni0030', 'uni0031', 'uni0032', 'uni0033', 'uni0034', 'uni0035', 'uni0036', 'uni0037', 'uni0038', 'uni0039', 'uni0062', 'uni006E', 'uni007B', 'uni007D', 'uni00A0']</msg>
<msg timestamp="20230208 13:04:19.348" level="INFO">Glyph IDs:   [0, 1, 2, 3, 544, 727, 1256, 1257, 1258, 1260, 1261, 1262, 1264, 1265, 1266, 1267, 1307, 1308]</msg>
<msg timestamp="20230208 13:04:19.348" level="INFO">Closed glyph list over 'glyf': 18 glyphs after</msg>
[...]
<msg timestamp="20230208 13:05:39.622" level="INFO">maxp pruned</msg>
<msg timestamp="20230208 13:05:39.623" level="INFO">cmap pruned</msg>
<msg timestamp="20230208 13:05:39.623" level="INFO">post pruned</msg>
<msg timestamp="20230208 13:05:39.624" level="INFO">GDEF dropped</msg>
<msg timestamp="20230208 13:05:39.624" level="INFO">GPOS dropped</msg>
<msg timestamp="20230208 13:05:39.624" level="INFO">GSUB dropped</msg>
<msg timestamp="20230208 13:05:39.626" level="INFO">name pruned</msg>
<msg timestamp="20230208 13:05:39.634" level="INFO">glyf pruned</msg>
<msg timestamp="20230208 13:05:39.634" level="INFO">Added gid0 to subset</msg>
<msg timestamp="20230208 13:05:39.635" level="INFO">Added first four glyphs to subset</msg>
<msg timestamp="20230208 13:05:39.635" level="INFO">Closing glyph list over 'glyf': 58 glyphs before</msg>
<msg timestamp="20230208 13:05:39.635" level="INFO">Glyph names: ['.notdef', '.null', 'uni0020', 'uni0021', 'uni002D', 'uni002E', 'uni0030', 'uni0031', 'uni0032', 'uni0033', 'uni0034', 'uni0035', 'uni0036', 'uni0037', 'uni0038', 'uni0039', 'uni003A', 'uni0041', 'uni0042', 'uni0044', 'uni0045', 'uni0046', 'uni0048', 'uni004B', 'uni004C', 'uni004F', 'uni0052', 'uni0053', 'uni0054', 'uni0055', 'uni0057', 'uni0059', 'uni005A', 'uni0061', 'uni0062', 'uni0063', 'uni0064', 'uni0065', 'uni0066', 'uni0067', 'uni0068', 'uni0069', 'uni006B', 'uni006C', 'uni006D', 'uni006E', 'uni006F', 'uni0070', 'uni0072', 'uni0073', 'uni0074', 'uni0075', 'uni0076', 'uni0077', 'uni0079', 'uni007B', 'uni007D', 'uni00C4']</msg>
<msg timestamp="20230208 13:05:39.637" level="INFO">Glyph IDs:   [0, 1, 2, 3, 65, 84, 95, 137, 161, 270, 280, 320, 382, 395, 409, 421, 456, 469, 493, 504, 575, 582, 594, 612, 645, 650, 660, 679, 715, 723, 752, 759, 775, 827, 837, 867, 884, 899, 932, 936, 950, 1294, 1295, 1296, 1298, 1299, 1300, 1302, 1303, 1304, 1305, 1329, 1345, 1346, 1361, 1404, 1407, 1681]</msg>
<msg timestamp="20230208 13:05:39.637" level="INFO">Closed glyph list over 'glyf': 58 glyphs after</msg>
<msg timestamp="20230208 13:05:39.638" level="INFO">Glyph names: ['.notdef', '.null', 'uni0020', 'uni0021', 'uni002D', 'uni002E', 'uni0030', 'uni0031', 'uni0032', 'uni0033', 'uni0034', 'uni0035', 'uni0036', 'uni0037', 'uni0038', 'uni0039', 'uni003A', 'uni0041', 'uni0042', 'uni0044', 'uni0045', 'uni0046', 'uni0048', 'uni004B', 'uni004C', 'uni004F', 'uni0052', 'uni0053', 'uni0054', 'uni0055', 'uni0057', 'uni0059', 'uni005A', 'uni0061', 'uni0062', 'uni0063', 'uni0064', 'uni0065', 'uni0066', 'uni0067', 'uni0068', 'uni0069', 'uni006B', 'uni006C', 'uni006D', 'uni006E', 'uni006F', 'uni0070', 'uni0072', 'uni0073', 'uni0074', 'uni0075', 'uni0076', 'uni0077', 'uni0079', 'uni007B', 'uni007D', 'uni00C4']</msg>
<msg timestamp="20230208 13:05:39.639" level="INFO">Glyph IDs:   [0, 1, 2, 3, 65, 84, 95, 137, 161, 270, 280, 320, 382, 395, 409, 421, 456, 469, 493, 504, 575, 582, 594, 612, 645, 650, 660, 679, 715, 723, 752, 759, 775, 827, 837, 867, 884, 899, 932, 936, 950, 1294, 1295, 1296, 1298, 1299, 1300, 1302, 1303, 1304, 1305, 1329, 1345, 1346, 1361, 1404, 1407, 1681]</msg>
<msg timestamp="20230208 13:05:39.639" level="INFO">Retaining 58 glyphs</msg>
<msg timestamp="20230208 13:05:39.640" level="INFO">head subsetting not needed</msg>
<msg timestamp="20230208 13:05:39.641" level="INFO">hhea subsetting not needed</msg>
<msg timestamp="20230208 13:05:39.641" level="INFO">maxp subsetting not needed</msg>
<msg timestamp="20230208 13:05:39.641" level="INFO">OS/2 subsetting not needed</msg>
<msg timestamp="20230208 13:05:39.644" level="INFO">hmtx subsetted</msg>
<msg timestamp="20230208 13:05:39.646" level="INFO">cmap subsetted</msg>
<msg timestamp="20230208 13:05:39.646" level="INFO">prep subsetting not needed</msg>
<msg timestamp="20230208 13:05:39.647" level="INFO">loca subsetting not needed</msg>
<msg timestamp="20230208 13:05:39.647" level="INFO">post subsetted</msg>
<msg timestamp="20230208 13:05:39.647" level="INFO">gasp subsetting not needed</msg>
<msg timestamp="20230208 13:05:39.648" level="INFO">STAT subsetting not needed</msg>
<msg timestamp="20230208 13:05:39.648" level="INFO">name subsetting not needed</msg>
<msg timestamp="20230208 13:05:39.649" level="INFO">glyf subsetted</msg>
<msg timestamp="20230208 13:05:39.650" level="INFO">head pruned</msg>
<msg timestamp="20230208 13:05:39.651" level="INFO">OS/2 Unicode ranges pruned: [0]</msg>
<msg timestamp="20230208 13:05:39.654" level="INFO">glyf pruned</msg>
<msg timestamp="20230208 13:05:39.709" level="INFO">maxp pruned</msg>
<msg timestamp="20230208 13:05:39.710" level="INFO">cmap pruned</msg>
<msg timestamp="20230208 13:05:39.710" level="INFO">post pruned</msg>
<msg timestamp="20230208 13:05:39.710" level="INFO">GDEF dropped</msg>
<msg timestamp="20230208 13:05:39.711" level="INFO">GPOS dropped</msg>
<msg timestamp="20230208 13:05:39.711" level="INFO">GSUB dropped</msg>
<msg timestamp="20230208 13:05:39.713" level="INFO">name pruned</msg>
<msg timestamp="20230208 13:05:39.720" level="INFO">glyf pruned</msg>
<msg timestamp="20230208 13:05:39.721" level="INFO">Added gid0 to subset</msg>
<msg timestamp="20230208 13:05:39.721" level="INFO">Added first four glyphs to subset</msg>
<msg timestamp="20230208 13:05:39.721" level="INFO">Closing glyph list over 'glyf': 19 glyphs before</msg>
<msg timestamp="20230208 13:05:39.722" level="INFO">Glyph names: ['.notdef', '.null', 'uni0020', 'uni0030', 'uni0031', 'uni0032', 'uni0033', 'uni0034', 'uni0035', 'uni0036', 'uni0037', 'uni0038', 'uni0039', 'uni0041', 'uni0062', 'uni006E', 'uni007B', 'uni007D', 'uni00C4']</msg>
<msg timestamp="20230208 13:05:39.723" level="INFO">Glyph IDs:   [0, 1, 2, 3, 575, 759, 1294, 1295, 1296, 1298, 1299, 1300, 1302, 1303, 1304, 1305, 1345, 1346, 1681]</msg>
<msg timestamp="20230208 13:05:39.724" level="INFO">Closed glyph list over 'glyf': 19 glyphs after</msg>
<msg timestamp="20230208 13:05:39.724" level="INFO">Glyph names: ['.notdef', '.null', 'uni0020', 'uni0030', 'uni0031', 'uni0032', 'uni0033', 'uni0034', 'uni0035', 'uni0036', 'uni0037', 'uni0038', 'uni0039', 'uni0041', 'uni0062', 'uni006E', 'uni007B', 'uni007D', 'uni00C4']</msg>
<msg timestamp="20230208 13:05:39.725" level="INFO">Glyph IDs:   [0, 1, 2, 3, 575, 759, 1294, 1295, 1296, 1298, 1299, 1300, 1302, 1303, 1304, 1305, 1345, 1346, 1681]</msg>
<msg timestamp="20230208 13:05:39.725" level="INFO">Retaining 19 glyphs</msg>
<msg timestamp="20230208 13:05:39.726" level="INFO">head subsetting not needed</msg>
<msg timestamp="20230208 13:05:39.726" level="INFO">hhea subsetting not needed</msg>
<msg timestamp="20230208 13:05:39.727" level="INFO">maxp subsetting not needed</msg>
<msg timestamp="20230208 13:05:39.727" level="INFO">OS/2 subsetting not needed</msg>
<msg timestamp="20230208 13:05:39.730" level="INFO">hmtx subsetted</msg>
<msg timestamp="20230208 13:05:39.732" level="INFO">cmap subsetted</msg>
<msg timestamp="20230208 13:05:39.732" level="INFO">prep subsetting not needed</msg>
<msg timestamp="20230208 13:05:39.733" level="INFO">loca subsetting not needed</msg>
<msg timestamp="20230208 13:05:39.733" level="INFO">post subsetted</msg>
<msg timestamp="20230208 13:05:39.733" level="INFO">gasp subsetting not needed</msg>
<msg timestamp="20230208 13:05:39.734" level="INFO">STAT subsetting not needed</msg>
<msg timestamp="20230208 13:05:39.734" level="INFO">name subsetting not needed</msg>
<msg timestamp="20230208 13:05:39.736" level="INFO">glyf subsetted</msg>
<msg timestamp="20230208 13:05:39.737" level="INFO">head pruned</msg>
<msg timestamp="20230208 13:05:39.737" level="INFO">OS/2 Unicode ranges pruned: [0]</msg>
<msg timestamp="20230208 13:05:39.739" level="INFO">glyf pruned</msg>
<msg timestamp="20230208 13:05:39.771" level="INFO">maxp pruned</msg>
<msg timestamp="20230208 13:05:39.772" level="INFO">cmap pruned</msg>
<msg timestamp="20230208 13:05:39.772" level="INFO">post pruned</msg>
<msg timestamp="20230208 13:05:39.772" level="INFO">GDEF dropped</msg>
<msg timestamp="20230208 13:05:39.773" level="INFO">GPOS dropped</msg>
<msg timestamp="20230208 13:05:39.773" level="INFO">GSUB dropped</msg>
<msg timestamp="20230208 13:05:39.774" level="INFO">name pruned</msg>
<msg timestamp="20230208 13:05:39.781" level="INFO">glyf pruned</msg>
<msg timestamp="20230208 13:05:39.786" level="INFO">Added gid0 to subset</msg>
<msg timestamp="20230208 13:05:39.787" level="INFO">Added first four glyphs to subset</msg>
<msg timestamp="20230208 13:05:39.787" level="INFO">Closing glyph list over 'glyf': 18 glyphs before</msg>
<msg timestamp="20230208 13:05:39.787" level="INFO">Glyph names: ['.notdef', '.null', 'uni0020', 'uni0030', 'uni0031', 'uni0032', 'uni0033', 'uni0034', 'uni0035', 'uni0036', 'uni0037', 'uni0038', 'uni0039', 'uni0062', 'uni006E', 'uni007B', 'uni007D', 'uni00A0']</msg>
<msg timestamp="20230208 13:05:39.788" level="INFO">Glyph IDs:   [0, 1, 2, 3, 544, 727, 1256, 1257, 1258, 1260, 1261, 1262, 1264, 1265, 1266, 1267, 1307, 1308]</msg>
<msg timestamp="20230208 13:05:39.789" level="INFO">Closed glyph list over 'glyf': 18 glyphs after</msg>
<msg timestamp="20230208 13:05:39.789" level="INFO">Glyph names: ['.notdef', '.null', 'uni0020', 'uni0030', 'uni0031', 'uni0032', 'uni0033', 'uni0034', 'uni0035', 'uni0036', 'uni0037', 'uni0038', 'uni0039', 'uni0062', 'uni006E', 'uni007B', 'uni007D', 'uni00A0']</msg>
<msg timestamp="20230208 13:05:39.790" level="INFO">Glyph IDs:   [0, 1, 2, 3, 544, 727, 1256, 1257, 1258, 1260, 1261, 1262, 1264, 1265, 1266, 1267, 1307, 1308]</msg>
<msg timestamp="20230208 13:05:39.790" level="INFO">Retaining 18 glyphs</msg>
<msg timestamp="20230208 13:05:39.791" level="INFO">head subsetting not needed</msg>
<msg timestamp="20230208 13:05:39.792" level="INFO">hhea subsetting not needed</msg>
<msg timestamp="20230208 13:05:39.792" level="INFO">maxp subsetting not needed</msg>
<msg timestamp="20230208 13:05:39.792" level="INFO">OS/2 subsetting not needed</msg>
<msg timestamp="20230208 13:05:39.795" level="INFO">hmtx subsetted</msg>
<msg timestamp="20230208 13:05:39.796" level="INFO">cmap subsetted</msg>
<msg timestamp="20230208 13:05:39.797" level="INFO">loca subsetting not needed</msg>
<msg timestamp="20230208 13:05:39.797" level="INFO">post subsetted</msg>
<msg timestamp="20230208 13:05:39.797" level="INFO">name subsetting not needed</msg>
<msg timestamp="20230208 13:05:39.799" level="INFO">glyf subsetted</msg>
<msg timestamp="20230208 13:05:39.799" level="INFO">head pruned</msg>
<msg timestamp="20230208 13:05:39.800" level="INFO">OS/2 Unicode ranges pruned: [0]</msg>
<msg timestamp="20230208 13:05:39.801" level="INFO">glyf pruned</msg>
<msg timestamp="20230208 13:05:39.830" level="INFO">maxp pruned</msg>
<msg timestamp="20230208 13:05:39.831" level="INFO">cmap pruned</msg>
<msg timestamp="20230208 13:05:39.831" level="INFO">post pruned</msg>
<msg timestamp="20230208 13:05:39.832" level="INFO">GDEF dropped</msg>
<msg timestamp="20230208 13:05:39.832" level="INFO">GPOS dropped</msg>
<msg timestamp="20230208 13:05:39.832" level="INFO">GSUB dropped</msg>
<msg timestamp="20230208 13:05:39.833" level="INFO">name pruned</msg>
<msg timestamp="20230208 13:05:39.841" level="INFO">glyf pruned</msg>
<msg timestamp="20230208 13:05:39.846" level="INFO">Added gid0 to subset</msg>
<msg timestamp="20230208 13:05:39.846" level="INFO">Added first four glyphs to subset</msg>
<msg timestamp="20230208 13:05:39.846" level="INFO">Closing glyph list over 'glyf': 18 glyphs before</msg>
<msg timestamp="20230208 13:05:39.847" level="INFO">Glyph names: ['.notdef', '.null', 'uni0020', 'uni0030', 'uni0031', 'uni0032', 'uni0033', 'uni0034', 'uni0035', 'uni0036', 'uni0037', 'uni0038', 'uni0039', 'uni0062', 'uni006E', 'uni007B', 'uni007D', 'uni00A0']</msg>
<msg timestamp="20230208 13:05:39.848" level="INFO">Glyph IDs:   [0, 1, 2, 3, 544, 727, 1256, 1257, 1258, 1260, 1261, 1262, 1264, 1265, 1266, 1267, 1307, 1308]</msg>
<msg timestamp="20230208 13:05:39.848" level="INFO">Closed glyph list over 'glyf': 18 glyphs after</msg>
<msg timestamp="20230208 13:05:39.848" level="INFO">Glyph names: ['.notdef', '.null', 'uni0020', 'uni0030', 'uni0031', 'uni0032', 'uni0033', 'uni0034', 'uni0035', 'uni0036', 'uni0037', 'uni0038', 'uni0039', 'uni0062', 'uni006E', 'uni007B', 'uni007D', 'uni00A0']</msg>
<msg timestamp="20230208 13:05:39.849" level="INFO">Glyph IDs:   [0, 1, 2, 3, 544, 727, 1256, 1257, 1258, 1260, 1261, 1262, 1264, 1265, 1266, 1267, 1307, 1308]</msg>
<msg timestamp="20230208 13:05:39.850" level="INFO">Retaining 18 glyphs</msg>
<msg timestamp="20230208 13:05:39.850" level="INFO">head subsetting not needed</msg>
<msg timestamp="20230208 13:05:39.851" level="INFO">hhea subsetting not needed</msg>
<msg timestamp="20230208 13:05:39.851" level="INFO">maxp subsetting not needed</msg>
<msg timestamp="20230208 13:05:39.852" level="INFO">OS/2 subsetting not needed</msg>
<msg timestamp="20230208 13:05:39.854" level="INFO">hmtx subsetted</msg>
<msg timestamp="20230208 13:05:39.856" level="INFO">cmap subsetted</msg>
<msg timestamp="20230208 13:05:39.856" level="INFO">loca subsetting not needed</msg>
<msg timestamp="20230208 13:05:39.856" level="INFO">post subsetted</msg>
<msg timestamp="20230208 13:05:39.857" level="INFO">name subsetting not needed</msg>
<msg timestamp="20230208 13:05:39.858" level="INFO">glyf subsetted</msg>
<msg timestamp="20230208 13:05:39.859" level="INFO">head pruned</msg>
<msg timestamp="20230208 13:05:39.860" level="INFO">OS/2 Unicode ranges pruned: [0]</msg>
<msg timestamp="20230208 13:05:39.861" level="INFO">glyf pruned</msg>
<status status="PASS" starttime="20230208 13:05:39.367" endtime="20230208 13:05:39.886"/>
</kw>
<msg timestamp="20230208 13:05:39.887" level="INFO">${pdf_filename} = /Users/nikitav/my-rsb-robot/order-proccessing-robot/pdf_files/RSB-ROBO-ORDER-EL0UFAK91O.pdf</msg>
<status status="PASS" starttime="20230208 13:05:39.328" endtime="20230208 13:05:39.887"/>
</kw>
<kw name="Embed the robot screenshot to the receipt PDF file">
<arg>IMG_FILE=${img_filename}</arg>
<arg>PDF_FILE=${pdf_filename}</arg>
<kw name="Log To Console" library="BuiltIn">
<arg>Printing image ${IMG_FILE} in pdf file ${PDF_FILE}</arg>
<doc>Logs the given message to the console.</doc>
<status status="PASS" starttime="20230208 13:05:39.891" endtime="20230208 13:05:39.892"/>
</kw>
<kw name="Open Pdf" library="RPA.PDF">
<arg>${PDF_FILE}</arg>
<doc>Open a PDF document for reading.</doc>
<status status="PASS" starttime="20230208 13:05:39.893" endtime="20230208 13:05:39.895"/>
</kw>
<kw name="Create List" library="BuiltIn">
<var>@{myfiles}</var>
<arg>${IMG_FILE}:x=0,y=0</arg>
<doc>Returns a list containing given items.</doc>
<msg timestamp="20230208 13:05:39.897" level="INFO">@{myfiles} = [ /Users/nikitav/my-rsb-robot/order-proccessing-robot/image_files/RSB-ROBO-ORDER-EL0UFAK91O.png:x=0,y=0 ]</msg>
<status status="PASS" starttime="20230208 13:05:39.895" endtime="20230208 13:05:39.897"/>
</kw>
<kw name="Add Files To Pdf" library="RPA.PDF">
<arg>${myfiles}</arg>
<arg>${PDF_FILE}</arg>
<arg>${True}</arg>
<doc>Add images and/or pdfs to new PDF document</doc>
<msg timestamp="20230208 13:05:39.902" level="INFO">Adding page: 0</msg>
<msg timestamp="20230208 13:05:39.903" level="INFO">File /Users/nikitav/my-rsb-robot/order-proccessing-robot/image_files/RSB-ROBO-ORDER-EL0UFAK91O.png type: png</msg>
<msg timestamp="20230208 13:05:39.903" level="INFO">Image parameters: {'x': '0', 'y': '0'}</msg>
<status status="PASS" starttime="20230208 13:05:39.898" endtime="20230208 13:05:40.597"/>
</kw>
<kw name="Close Pdf" library="RPA.PDF">
<arg>${PDF_FILE}</arg>
<doc>Close PDF file descriptor for a certain file.</doc>
<msg timestamp="20230208 13:05:40.600" level="INFO">Closing PDF document: /Users/nikitav/my-rsb-robot/order-proccessing-robot/pdf_files/RSB-ROBO-ORDER-EL0UFAK91O.pdf</msg>
<status status="PASS" starttime="20230208 13:05:40.598" endtime="20230208 13:05:40.600"/>
</kw>
<status status="PASS" starttime="20230208 13:05:39.888" endtime="20230208 13:05:40.601"/>
</kw>
<kw name="Go to order another robot">
<kw name="Set Local Variable" library="BuiltIn">
<arg>${btn_order_another_robot}</arg>
<arg>//*[@id="order-another"]</arg>
<doc>Makes a variable available everywhere within the local scope.</doc>
<msg timestamp="20230208 13:05:40.607" level="INFO">${btn_order_another_robot} = //*[@id="order-another"]</msg>
<status status="PASS" starttime="20230208 13:05:40.603" endtime="20230208 13:05:40.607"/>
</kw>
<kw name="Click Button" library="RPA.Browser.Selenium">
<arg>${btn_order_another_robot}</arg>
<doc>Clicks the button identified by ``locator``.</doc>
<msg timestamp="20230208 13:05:40.609" level="INFO">Clicking button '//*[@id="order-another"]'.</msg>
<status status="PASS" starttime="20230208 13:05:40.608" endtime="20230208 13:05:40.678"/>
</kw>
<status status="PASS" starttime="20230208 13:05:40.602" endtime="20230208 13:05:40.678"/>
</kw>
<status status="PASS" starttime="20230208 13:05:35.544" endtime="20230208 13:05:40.679"/>
</iter>
<status status="PASS" starttime="20230208 13:04:09.830" endtime="20230208 13:05:40.680"/>
</for>
<kw name="Create a Zip File of the Receipts">
<kw name="Archive Folder With Zip" library="RPA.Archive">
<arg>${pdf_folder}</arg>
<arg>${zip_file}</arg>
<arg>recursive=True</arg>
<arg>include=*.pdf</arg>
<doc>Create a zip archive of a folder</doc>
<status status="PASS" starttime="20230208 13:05:40.683" endtime="20230208 13:05:40.698"/>
</kw>
<status status="PASS" starttime="20230208 13:05:40.681" endtime="20230208 13:05:40.699"/>
</kw>
<kw name="Log Out And Close The Browser">
<kw name="Close Browser" library="RPA.Browser.Selenium">
<doc>Closes the current browser.</doc>
<status status="PASS" starttime="20230208 13:05:40.701" endtime="20230208 13:05:40.799"/>
</kw>
<status status="PASS" starttime="20230208 13:05:40.700" endtime="20230208 13:05:40.800"/>
</kw>
<kw name="Display the success dialog">
<arg>USER_NAME=${username}</arg>
<kw name="Add icon" library="RPA.Dialogs">
<arg>Success</arg>
<doc>Add an icon element</doc>
<status status="PASS" starttime="20230208 13:05:40.803" endtime="20230208 13:05:40.805"/>
</kw>
<kw name="Add heading" library="RPA.Dialogs">
<arg>Your orders have been processed</arg>
<doc>Add a centered heading text element</doc>
<status status="PASS" starttime="20230208 13:05:40.806" endtime="20230208 13:05:40.807"/>
</kw>
<kw name="Add text" library="RPA.Dialogs">
<arg>Dear ${USER_NAME} - all orders have been processed. Have a nice day!</arg>
<doc>Add a text paragraph element, for larger bodies of text</doc>
<status status="PASS" starttime="20230208 13:05:40.808" endtime="20230208 13:05:40.809"/>
</kw>
<kw name="Run dialog" library="RPA.Dialogs">
<arg>title=Success</arg>
<tag>dialog</tag>
<doc>Create a dialog from all the defined elements and block
until the user has handled it.</doc>
<msg timestamp="20230208 13:05:40.811" level="INFO">Protecting keyword: RPA.Dialogs.Run dialog</msg>
<msg timestamp="20230208 13:06:09.903" level="INFO">Log level changed from NONE to INFO.</msg>
<status status="PASS" starttime="20230208 13:05:40.810" endtime="20230208 13:06:09.901"/>
</kw>
<status status="PASS" starttime="20230208 13:05:40.801" endtime="20230208 13:06:09.904"/>
</kw>
<status status="PASS" starttime="20230208 13:03:27.691" endtime="20230208 13:06:09.906"/>
</test>
<doc>Orders robots from RobotSpareBin Industries Inc.
Saves the order HTML receipt as a PDF file.
Saves the screenshot of the ordered robot.
Embeds the screenshot of the robot to the PDF receipt.
Creates ZIP archive of the receipts and the images.</doc>
<status status="PASS" starttime="20230208 13:03:26.033" endtime="20230208 13:06:09.909"/>
</suite>
<statistics>
<total>
<stat pass="1" fail="0" skip="0">All Tests</stat>
</total>
<tag>
</tag>
<suite>
<stat pass="1" fail="0" skip="0" id="s1" name="Tasks">Tasks</stat>
</suite>
</statistics>
<errors>
<msg timestamp="20230208 13:03:27.653" level="WARN">This is a deprecated import that will be removed in favor of RPA.Robocorp.Vault</msg>
</errors>
</robot>
